Simcenter Samcef: Running module bacon
 User requested workspace             250000000 words  (    2000 MBytes)
 Memory allocation / DB               125000000 /     125000000 words
@@@CSH:SMGINI: BACON
@@@CSH:SMGINT: PID =    39540 : Current Process ID
 Release 2406 - Build 2406.3011.146 - Date 06-Apr-2024 (LONG INTEGERS)
 Graphic driver used: Windows   
 
 >>> Sold-to info: SoldTO: 1471462 - Universite de Liege Webkey: HFC3XNS5EN <<<

 Input 1>!
 Input 1>!                     ===================================
 Input 1>!                     Program <BACON> - Version 2406
 Input 1>!                     ===================================
 Input 1>!
 Input 1>!
 Input 1>MODE M 1
 Spy file :  9 - "C:\Users\lstei\OneDrive - Universite de Liege\Documents\A_COURS\Vibrations\Vibrations---MECA0029\NX\trussv3_sim10-Solution_1.spy"
 Input 1>INPUT INIT
 Input 1>EXIT
 Input42>! $$$$$$$$$$$$$$$$$$$$$$$$$$$$$$$$$$$$$$$$$$$$$$$$$$$$$$$$$$$$$$$$$$$$$$$$$
 Input42>!
 Input42>!              NX 2406 TRANSLATOR
 Input42>!   This file is compatible with Simcenter Samcef 2406 (30.1-01) and next versions
 Input42>!
 Input42>!              FEM FILE: C:\Users\lstei\OneDrive - Universite de Liege\Documents\A_COURS\Vibrations\Vibrations---MECA0029\NX\trussv3_fem.fem
 Input42>!              SIM FILE: C:\Users\lstei\OneDrive - Universite de Liege\Documents\A_COURS\Vibrations\Vibrations---MECA0029\NX\trussv3_sim10.sim
 Input42>!         ANALYSIS TYPE: Simcenter Samcef - Structural
 Input42>!         SOLUTION NAME: Solution 1
 Input42>!         SOLUTION TYPE: Modal Analysis
 Input42>!     SOLVER INPUT FILE: trussv3_sim10-Solution_1.dat
 Input42>!         CREATION DATE: 25-septembre-2025
 Input42>!         CREATION TIME: 13:09:34
 Input42>!              HOSTNAME: BOOK-DIR36TVIJ3
 Input42>!              USERNAME: lstei
 Input42>!                 UNITS: (mN)(mm)(kg)
 Input42>!
 Input42>! $$$$$$$$$$$$$$$$$$$$$$$$$$$$$$$$$$$$$$$$$$$$$$$$$$$$$$$$$$$$$$$$$$$$$$$$$
 Input42> 
 Input42>MODE M -1 LECTURE 256
 Input42>!User Prolog
 Input42>!-------------
 Input42>! INFO ExportSolution : No Prolog defined.
 Input42> 
 Input42>! Simcenter Samcef Bank File: UNITS.
 Input42>! ----------------------------------
 Input42>.UNIT
 Input42> LENGTH 0.001 ! Unit = MilliMeter
 Input42> MASS 1 ! Unit = Kilogram
 Input42> CELSIUS
 Input42> TIME 1
 Input42> 
 Input42>.GEL
 Input42>TEMP 20 ! Default Temperature from Solution
 Input42> 
 Input42>! Simcenter Samcef Bank File: NODES.
 Input42>! ----------------------------------
 Input42>.NOE
 Input42> I 1 X 0 Y 4000 Z 1000
 Input42> I 2 X 300 Y 4000 Z 1000
 Input42> I 3 X 600 Y 4000 Z 1000
 Input42> I 4 X 900 Y 4000 Z 1000
 Input42> I 5 X 1200 Y 4000 Z 1000
 Input42> I 6 X 1500 Y 4000 Z 1000
 Input42> I 7 X 1800 Y 4000 Z 1000
 Input42> I 8 X 2100 Y 4000 Z 1000
 Input42> I 9 X 2400 Y 4000 Z 1000
 Input42> I 10 X 2700 Y 4000 Z 1000
 Input42> I 11 X 3000 Y 4000 Z 1000
 Input42> I 12 X 3300 Y 4000 Z 1000
 Input42> I 13 X 3600 Y 4000 Z 1000
 Input42> I 14 X 3900 Y 4000 Z 1000
 Input42> I 15 X 4200 Y 4000 Z 1000
 Input42> I 16 X 4500 Y 4000 Z 1000
 Input42> I 17 X 4800 Y 4000 Z 1000
 Input42> I 18 X 5100 Y 4000 Z 1000
 Input42> I 19 X 5400 Y 4000 Z 1000
 Input42> I 20 X 5700 Y 4000 Z 1000
 Input42> I 21 X 6000 Y 4000 Z 1000
 Input42> I 22 X 6300 Y 4000 Z 1000
 Input42> I 23 X 6600 Y 4000 Z 1000
 Input42> I 24 X 6900 Y 4000 Z 1000
 Input42> I 25 X 7200 Y 4000 Z 1000
 Input42> I 26 X 7500 Y 4000 Z 1000
 Input42> I 27 X 7800 Y 4000 Z 1000
 Input42> I 28 X 8100 Y 4000 Z 1000
 Input42> I 29 X 8400 Y 4000 Z 1000
 Input42> I 30 X 8700 Y 4000 Z 1000
 Input42> I 31 X 9000 Y 4000 Z 1000
 Input42> I 32 X 9300 Y 4000 Z 1000
 Input42> I 33 X 9600 Y 4000 Z 1000
 Input42> I 34 X 9900 Y 4000 Z 1000
 Input42> I 35 X 10200 Y 4000 Z 1000
 Input42> I 36 X 10500 Y 4000 Z 1000
 Input42> I 37 X 10800 Y 4000 Z 1000
 Input42> I 38 X 11100 Y 4000 Z 1000
 Input42> I 39 X 11400 Y 4000 Z 1000
 Input42> I 40 X 11700 Y 4000 Z 1000
 Input42> I 41 X 12000 Y 4000 Z 1000
 Input42> I 42 X 12300 Y 4000 Z 1000
 Input42> I 43 X 12600 Y 4000 Z 1000
 Input42> I 44 X 12900 Y 4000 Z 1000
 Input42> I 45 X 13200 Y 4000 Z 1000
 Input42> I 46 X 13500 Y 4000 Z 1000
 Input42> I 47 X 13800 Y 4000 Z 1000
 Input42> I 48 X 14100 Y 4000 Z 1000
 Input42> I 49 X 14400 Y 4000 Z 1000
 Input42> I 50 X 14700 Y 4000 Z 1000
 Input42> I 51 X 15000 Y 4000 Z 1000
 Input42> I 52 X 13500 Y 4000 Z 0
 Input42> I 53 X 13650 Y 4000 Z 100
 Input42> I 54 X 13800 Y 4000 Z 200
 Input42> I 55 X 13950 Y 4000 Z 300
 Input42> I 56 X 14100 Y 4000 Z 400
 Input42> I 57 X 14250 Y 4000 Z 500
 Input42> I 58 X 14400 Y 4000 Z 600
 Input42> I 59 X 14550 Y 4000 Z 700
 Input42> I 60 X 14700 Y 4000 Z 800
 Input42> I 61 X 14850 Y 4000 Z 900
 Input42> I 62 X 10500 Y 4000 Z 0
 Input42> I 63 X 10800 Y 4000 Z 0
 Input42> I 64 X 11100 Y 4000 Z 0
 Input42> I 65 X 11400 Y 4000 Z 0
 Input42> I 66 X 11700 Y 4000 Z 0
 Input42> I 67 X 12000 Y 4000 Z 0
 Input42> I 68 X 12300 Y 4000 Z 0
 Input42> I 69 X 12600 Y 4000 Z 0
 Input42> I 70 X 12900 Y 4000 Z 0
 Input42> I 71 X 13200 Y 4000 Z 0
 Input42> I 72 X 7500 Y 4000 Z 0
 Input42> I 73 X 7800 Y 4000 Z 0
 Input42> I 74 X 8100 Y 4000 Z 0
 Input42> I 75 X 8400 Y 4000 Z 0
 Input42> I 76 X 8700 Y 4000 Z 0
 Input42> I 77 X 9000 Y 4000 Z 0
 Input42> I 78 X 9300 Y 4000 Z 0
 Input42> I 79 X 9600 Y 4000 Z 0
 Input42> I 80 X 9900 Y 4000 Z 0
 Input42> I 81 X 10200 Y 4000 Z 0
 Input42> I 82 X 4500 Y 4000 Z 0
 Input42> I 83 X 4800 Y 4000 Z 0
 Input42> I 84 X 5100 Y 4000 Z 0
 Input42> I 85 X 5400 Y 4000 Z 0
 Input42> I 86 X 5700 Y 4000 Z 0
 Input42> I 87 X 6000 Y 4000 Z 0
 Input42> I 88 X 6300 Y 4000 Z 0
 Input42> I 89 X 6600 Y 4000 Z 0
 Input42> I 90 X 6900 Y 4000 Z 0
 Input42> I 91 X 7200 Y 4000 Z 0
 Input42> I 92 X 1500 Y 4000 Z 0
 Input42> I 93 X 1800 Y 4000 Z 0
 Input42> I 94 X 2100 Y 4000 Z 0
 Input42> I 95 X 2400 Y 4000 Z 0
 Input42> I 96 X 2700 Y 4000 Z 0
 Input42> I 97 X 3000 Y 4000 Z 0
 Input42> I 98 X 3300 Y 4000 Z 0
 Input42> I 99 X 3600 Y 4000 Z 0
 Input42> I 100 X 3900 Y 4000 Z 0
 Input42> I 101 X 4200 Y 4000 Z 0
 Input42> I 102 X 150 Y 4000 Z 900
 Input42> I 103 X 300 Y 4000 Z 800
 Input42> I 104 X 450 Y 4000 Z 700
 Input42> I 105 X 600 Y 4000 Z 600
 Input42> I 106 X 750 Y 4000 Z 500
 Input42> I 107 X 900 Y 4000 Z 400
 Input42> I 108 X 1050 Y 4000 Z 300
 Input42> I 109 X 1200 Y 4000 Z 200
 Input42> I 110 X 1350 Y 4000 Z 100
 Input42> I 111 X 0 Y 0 Z 1000
 Input42> I 112 X 300 Y 0 Z 1000
 Input42> I 113 X 600 Y 0 Z 1000
 Input42> I 114 X 900 Y 0 Z 1000
 Input42> I 115 X 1200 Y 0 Z 1000
 Input42> I 116 X 1500 Y 0 Z 1000
 Input42> I 117 X 1800 Y 0 Z 1000
 Input42> I 118 X 2100 Y 0 Z 1000
 Input42> I 119 X 2400 Y 0 Z 1000
 Input42> I 120 X 2700 Y 0 Z 1000
 Input42> I 121 X 3000 Y 0 Z 1000
 Input42> I 122 X 150 Y 0 Z 900
 Input42> I 123 X 300 Y 0 Z 800
 Input42> I 124 X 450 Y 0 Z 700
 Input42> I 125 X 600 Y 0 Z 600
 Input42> I 126 X 750 Y 0 Z 500
 Input42> I 127 X 900 Y 0 Z 400
 Input42> I 128 X 1050 Y 0 Z 300
 Input42> I 129 X 1200 Y 0 Z 200
 Input42> I 130 X 1350 Y 0 Z 100
 Input42> I 131 X 1500 Y 0 Z 0
 Input42> I 132 X 1800 Y 0 Z 0
 Input42> I 133 X 2100 Y 0 Z 0
 Input42> I 134 X 2400 Y 0 Z 0
 Input42> I 135 X 2700 Y 0 Z 0
 Input42> I 136 X 3000 Y 0 Z 0
 Input42> I 137 X 3300 Y 0 Z 0
 Input42> I 138 X 3600 Y 0 Z 0
 Input42> I 139 X 3900 Y 0 Z 0
 Input42> I 140 X 4200 Y 0 Z 0
 Input42> I 141 X 4500 Y 0 Z 0
 Input42> I 142 X 3300 Y 0 Z 1000
 Input42> I 143 X 3600 Y 0 Z 1000
 Input42> I 144 X 3900 Y 0 Z 1000
 Input42> I 145 X 4200 Y 0 Z 1000
 Input42> I 146 X 4500 Y 0 Z 1000
 Input42> I 147 X 4800 Y 0 Z 1000
 Input42> I 148 X 5100 Y 0 Z 1000
 Input42> I 149 X 5400 Y 0 Z 1000
 Input42> I 150 X 5700 Y 0 Z 1000
 Input42> I 151 X 6000 Y 0 Z 1000
 Input42> I 152 X 4800 Y 0 Z 0
 Input42> I 153 X 5100 Y 0 Z 0
 Input42> I 154 X 5400 Y 0 Z 0
 Input42> I 155 X 5700 Y 0 Z 0
 Input42> I 156 X 6000 Y 0 Z 0
 Input42> I 157 X 6300 Y 0 Z 0
 Input42> I 158 X 6600 Y 0 Z 0
 Input42> I 159 X 6900 Y 0 Z 0
 Input42> I 160 X 7200 Y 0 Z 0
 Input42> I 161 X 7500 Y 0 Z 0
 Input42> I 162 X 6300 Y 0 Z 1000
 Input42> I 163 X 6600 Y 0 Z 1000
 Input42> I 164 X 6900 Y 0 Z 1000
 Input42> I 165 X 7200 Y 0 Z 1000
 Input42> I 166 X 7500 Y 0 Z 1000
 Input42> I 167 X 7800 Y 0 Z 1000
 Input42> I 168 X 8100 Y 0 Z 1000
 Input42> I 169 X 8400 Y 0 Z 1000
 Input42> I 170 X 8700 Y 0 Z 1000
 Input42> I 171 X 9000 Y 0 Z 1000
 Input42> I 172 X 7800 Y 0 Z 0
 Input42> I 173 X 8100 Y 0 Z 0
 Input42> I 174 X 8400 Y 0 Z 0
 Input42> I 175 X 8700 Y 0 Z 0
 Input42> I 176 X 9000 Y 0 Z 0
 Input42> I 177 X 9300 Y 0 Z 0
 Input42> I 178 X 9600 Y 0 Z 0
 Input42> I 179 X 9900 Y 0 Z 0
 Input42> I 180 X 10200 Y 0 Z 0
 Input42> I 181 X 10500 Y 0 Z 0
 Input42> I 182 X 9300 Y 0 Z 1000
 Input42> I 183 X 9600 Y 0 Z 1000
 Input42> I 184 X 9900 Y 0 Z 1000
 Input42> I 185 X 10200 Y 0 Z 1000
 Input42> I 186 X 10500 Y 0 Z 1000
 Input42> I 187 X 10800 Y 0 Z 1000
 Input42> I 188 X 11100 Y 0 Z 1000
 Input42> I 189 X 11400 Y 0 Z 1000
 Input42> I 190 X 11700 Y 0 Z 1000
 Input42> I 191 X 12000 Y 0 Z 1000
 Input42> I 192 X 10800 Y 0 Z 0
 Input42> I 193 X 11100 Y 0 Z 0
 Input42> I 194 X 11400 Y 0 Z 0
 Input42> I 195 X 11700 Y 0 Z 0
 Input42> I 196 X 12000 Y 0 Z 0
 Input42> I 197 X 12300 Y 0 Z 0
 Input42> I 198 X 12600 Y 0 Z 0
 Input42> I 199 X 12900 Y 0 Z 0
 Input42> I 200 X 13200 Y 0 Z 0
 Input42> I 201 X 13500 Y 0 Z 0
 Input42> I 202 X 12300 Y 0 Z 1000
 Input42> I 203 X 12600 Y 0 Z 1000
 Input42> I 204 X 12900 Y 0 Z 1000
 Input42> I 205 X 13200 Y 0 Z 1000
 Input42> I 206 X 13500 Y 0 Z 1000
 Input42> I 207 X 13800 Y 0 Z 1000
 Input42> I 208 X 14100 Y 0 Z 1000
 Input42> I 209 X 14400 Y 0 Z 1000
 Input42> I 210 X 14700 Y 0 Z 1000
 Input42> I 211 X 15000 Y 0 Z 1000
 Input42> I 212 X 13650 Y 0 Z 100
 Input42> I 213 X 13800 Y 0 Z 200
 Input42> I 214 X 13950 Y 0 Z 300
 Input42> I 215 X 14100 Y 0 Z 400
 Input42> I 216 X 14250 Y 0 Z 500
 Input42> I 217 X 14400 Y 0 Z 600
 Input42> I 218 X 14550 Y 0 Z 700
 Input42> I 219 X 14700 Y 0 Z 800
 Input42> I 220 X 14850 Y 0 Z 900
 Input42> I 221 X 1500 Y 3600 Z 0
 Input42> I 222 X 1500 Y 3200 Z 0
 Input42> I 223 X 1500 Y 2800 Z 0
 Input42> I 224 X 1500 Y 2400 Z 0
 Input42> I 225 X 1500 Y 2000 Z 0
 Input42> I 226 X 1500 Y 1600 Z 0
 Input42> I 227 X 1500 Y 1200 Z 0
 Input42> I 228 X 1500 Y 800 Z 0
 Input42> I 229 X 1500 Y 400 Z 0
 Input42> I 230 X 3000 Y 3600 Z 1000
 Input42> I 231 X 3000 Y 3200 Z 1000
 Input42> I 232 X 3000 Y 2800 Z 1000
 Input42> I 233 X 3000 Y 2400 Z 1000
 Input42> I 234 X 3000 Y 2000 Z 1000
 Input42> I 235 X 3000 Y 1600 Z 1000
 Input42> I 236 X 3000 Y 1200 Z 1000
 Input42> I 237 X 3000 Y 800 Z 1000
 Input42> I 238 X 3000 Y 400 Z 1000
 Input42> I 239 X 4500 Y 3600 Z 0
 Input42> I 240 X 4500 Y 3200 Z 0
 Input42> I 241 X 4500 Y 2800 Z 0
 Input42> I 242 X 4500 Y 2400 Z 0
 Input42> I 243 X 4500 Y 2000 Z 0
 Input42> I 244 X 4500 Y 1600 Z 0
 Input42> I 245 X 4500 Y 1200 Z 0
 Input42> I 246 X 4500 Y 800 Z 0
 Input42> I 247 X 4500 Y 400 Z 0
 Input42> I 248 X 6000 Y 400 Z 1000
 Input42> I 249 X 6000 Y 800 Z 1000
 Input42> I 250 X 6000 Y 1200 Z 1000
 Input42> I 251 X 6000 Y 1600 Z 1000
 Input42> I 252 X 6000 Y 2000 Z 1000
 Input42> I 253 X 6000 Y 2400 Z 1000
 Input42> I 254 X 6000 Y 2800 Z 1000
 Input42> I 255 X 6000 Y 3200 Z 1000
 Input42> I 256 X 6000 Y 3600 Z 1000
 Input42> I 257 X 7500 Y 400 Z 0
 Input42> I 258 X 7500 Y 800 Z 0
 Input42> I 259 X 7500 Y 1200 Z 0
 Input42> I 260 X 7500 Y 1600 Z 0
 Input42> I 261 X 7500 Y 2000 Z 0
 Input42> I 262 X 7500 Y 2400 Z 0
 Input42> I 263 X 7500 Y 2800 Z 0
 Input42> I 264 X 7500 Y 3200 Z 0
 Input42> I 265 X 7500 Y 3600 Z 0
 Input42> I 266 X 9000 Y 400 Z 1000
 Input42> I 267 X 9000 Y 800 Z 1000
 Input42> I 268 X 9000 Y 1200 Z 1000
 Input42> I 269 X 9000 Y 1600 Z 1000
 Input42> I 270 X 9000 Y 2000 Z 1000
 Input42> I 271 X 9000 Y 2400 Z 1000
 Input42> I 272 X 9000 Y 2800 Z 1000
 Input42> I 273 X 9000 Y 3200 Z 1000
 Input42> I 274 X 9000 Y 3600 Z 1000
 Input42> I 275 X 10500 Y 400 Z 0
 Input42> I 276 X 10500 Y 800 Z 0
 Input42> I 277 X 10500 Y 1200 Z 0
 Input42> I 278 X 10500 Y 1600 Z 0
 Input42> I 279 X 10500 Y 2000 Z 0
 Input42> I 280 X 10500 Y 2400 Z 0
 Input42> I 281 X 10500 Y 2800 Z 0
 Input42> I 282 X 10500 Y 3200 Z 0
 Input42> I 283 X 10500 Y 3600 Z 0
 Input42> I 284 X 12000 Y 400 Z 1000
 Input42> I 285 X 12000 Y 800 Z 1000
 Input42> I 286 X 12000 Y 1200 Z 1000
 Input42> I 287 X 12000 Y 1600 Z 1000
 Input42> I 288 X 12000 Y 2000 Z 1000
 Input42> I 289 X 12000 Y 2400 Z 1000
 Input42> I 290 X 12000 Y 2800 Z 1000
 Input42> I 291 X 12000 Y 3200 Z 1000
 Input42> I 292 X 12000 Y 3600 Z 1000
 Input42> I 293 X 13500 Y 400 Z 0
 Input42> I 294 X 13500 Y 800 Z 0
 Input42> I 295 X 13500 Y 1200 Z 0
 Input42> I 296 X 13500 Y 1600 Z 0
 Input42> I 297 X 13500 Y 2000 Z 0
 Input42> I 298 X 13500 Y 2400 Z 0
 Input42> I 299 X 13500 Y 2800 Z 0
 Input42> I 300 X 13500 Y 3200 Z 0
 Input42> I 301 X 13500 Y 3600 Z 0
 Input42> I 302 X 12150 Y 4000 Z 900
 Input42> I 303 X 12300 Y 4000 Z 800
 Input42> I 304 X 12450 Y 4000 Z 700
 Input42> I 305 X 12600 Y 4000 Z 600
 Input42> I 306 X 12750 Y 4000 Z 500
 Input42> I 307 X 12900 Y 4000 Z 400
 Input42> I 308 X 13050 Y 4000 Z 300
 Input42> I 309 X 13200 Y 4000 Z 200
 Input42> I 310 X 13350 Y 4000 Z 100
 Input42> I 311 X 10650 Y 4000 Z 100
 Input42> I 312 X 10800 Y 4000 Z 200
 Input42> I 313 X 10950 Y 4000 Z 300
 Input42> I 314 X 11100 Y 4000 Z 400
 Input42> I 315 X 11250 Y 4000 Z 500
 Input42> I 316 X 11400 Y 4000 Z 600
 Input42> I 317 X 11550 Y 4000 Z 700
 Input42> I 318 X 11700 Y 4000 Z 800
 Input42> I 319 X 11850 Y 4000 Z 900
 Input42> I 320 X 10650 Y 0 Z 100
 Input42> I 321 X 10800 Y 0 Z 200
 Input42> I 322 X 10950 Y 0 Z 300
 Input42> I 323 X 11100 Y 0 Z 400
 Input42> I 324 X 11250 Y 0 Z 500
 Input42> I 325 X 11400 Y 0 Z 600
 Input42> I 326 X 11550 Y 0 Z 700
 Input42> I 327 X 11700 Y 0 Z 800
 Input42> I 328 X 11850 Y 0 Z 900
 Input42> I 329 X 12150 Y 0 Z 900
 Input42> I 330 X 12300 Y 0 Z 800
 Input42> I 331 X 12450 Y 0 Z 700
 Input42> I 332 X 12600 Y 0 Z 600
 Input42> I 333 X 12750 Y 0 Z 500
 Input42> I 334 X 12900 Y 0 Z 400
 Input42> I 335 X 13050 Y 0 Z 300
 Input42> I 336 X 13200 Y 0 Z 200
 Input42> I 337 X 13350 Y 0 Z 100
 Input42> I 338 X 9150 Y 0 Z 900
 Input42> I 339 X 9300 Y 0 Z 800
 Input42> I 340 X 9450 Y 0 Z 700
 Input42> I 341 X 9600 Y 0 Z 600
 Input42> I 342 X 9750 Y 0 Z 500
 Input42> I 343 X 9900 Y 0 Z 400
 Input42> I 344 X 10050 Y 0 Z 300
 Input42> I 345 X 10200 Y 0 Z 200
 Input42> I 346 X 10350 Y 0 Z 100
 Input42> I 347 X 7650 Y 0 Z 100
 Input42> I 348 X 7800 Y 0 Z 200
 Input42> I 349 X 7950 Y 0 Z 300
 Input42> I 350 X 8100 Y 0 Z 400
 Input42> I 351 X 8250 Y 0 Z 500
 Input42> I 352 X 8400 Y 0 Z 600
 Input42> I 353 X 8550 Y 0 Z 700
 Input42> I 354 X 8700 Y 0 Z 800
 Input42> I 355 X 8850 Y 0 Z 900
 Input42> I 356 X 7650 Y 4000 Z 100
 Input42> I 357 X 7800 Y 4000 Z 200
 Input42> I 358 X 7950 Y 4000 Z 300
 Input42> I 359 X 8100 Y 4000 Z 400
 Input42> I 360 X 8250 Y 4000 Z 500
 Input42> I 361 X 8400 Y 4000 Z 600
 Input42> I 362 X 8550 Y 4000 Z 700
 Input42> I 363 X 8700 Y 4000 Z 800
 Input42> I 364 X 8850 Y 4000 Z 900
 Input42> I 365 X 9150 Y 4000 Z 900
 Input42> I 366 X 9300 Y 4000 Z 800
 Input42> I 367 X 9450 Y 4000 Z 700
 Input42> I 368 X 9600 Y 4000 Z 600
 Input42> I 369 X 9750 Y 4000 Z 500
 Input42> I 370 X 9900 Y 4000 Z 400
 Input42> I 371 X 10050 Y 4000 Z 300
 Input42> I 372 X 10200 Y 4000 Z 200
 Input42> I 373 X 10350 Y 4000 Z 100
 Input42> I 374 X 6150 Y 4000 Z 900
 Input42> I 375 X 6300 Y 4000 Z 800
 Input42> I 376 X 6450 Y 4000 Z 700
 Input42> I 377 X 6600 Y 4000 Z 600
 Input42> I 378 X 6750 Y 4000 Z 500
 Input42> I 379 X 6900 Y 4000 Z 400
 Input42> I 380 X 7050 Y 4000 Z 300
 Input42> I 381 X 7200 Y 4000 Z 200
 Input42> I 382 X 7350 Y 4000 Z 100
 Input42> I 383 X 4650 Y 4000 Z 100
 Input42> I 384 X 4800 Y 4000 Z 200
 Input42> I 385 X 4950 Y 4000 Z 300
 Input42> I 386 X 5100 Y 4000 Z 400
 Input42> I 387 X 5250 Y 4000 Z 500
 Input42> I 388 X 5400 Y 4000 Z 600
 Input42> I 389 X 5550 Y 4000 Z 700
 Input42> I 390 X 5700 Y 4000 Z 800
 Input42> I 391 X 5850 Y 4000 Z 900
 Input42> I 392 X 4650 Y 0 Z 100
 Input42> I 393 X 4800 Y 0 Z 200
 Input42> I 394 X 4950 Y 0 Z 300
 Input42> I 395 X 5100 Y 0 Z 400
 Input42> I 396 X 5250 Y 0 Z 500
 Input42> I 397 X 5400 Y 0 Z 600
 Input42> I 398 X 5550 Y 0 Z 700
 Input42> I 399 X 5700 Y 0 Z 800
 Input42> I 400 X 5850 Y 0 Z 900
 Input42> I 401 X 6150 Y 0 Z 900
 Input42> I 402 X 6300 Y 0 Z 800
 Input42> I 403 X 6450 Y 0 Z 700
 Input42> I 404 X 6600 Y 0 Z 600
 Input42> I 405 X 6750 Y 0 Z 500
 Input42> I 406 X 6900 Y 0 Z 400
 Input42> I 407 X 7050 Y 0 Z 300
 Input42> I 408 X 7200 Y 0 Z 200
 Input42> I 409 X 7350 Y 0 Z 100
 Input42> I 410 X 3150 Y 0 Z 900
 Input42> I 411 X 3300 Y 0 Z 800
 Input42> I 412 X 3450 Y 0 Z 700
 Input42> I 413 X 3600 Y 0 Z 600
 Input42> I 414 X 3750 Y 0 Z 500
 Input42> I 415 X 3900 Y 0 Z 400
 Input42> I 416 X 4050 Y 0 Z 300
 Input42> I 417 X 4200 Y 0 Z 200
 Input42> I 418 X 4350 Y 0 Z 100
 Input42> I 419 X 1650 Y 0 Z 100
 Input42> I 420 X 1800 Y 0 Z 200
 Input42> I 421 X 1950 Y 0 Z 300
 Input42> I 422 X 2100 Y 0 Z 400
 Input42> I 423 X 2250 Y 0 Z 500
 Input42> I 424 X 2400 Y 0 Z 600
 Input42> I 425 X 2550 Y 0 Z 700
 Input42> I 426 X 2700 Y 0 Z 800
 Input42> I 427 X 2850 Y 0 Z 900
 Input42> I 428 X 1650 Y 4000 Z 100
 Input42> I 429 X 1800 Y 4000 Z 200
 Input42> I 430 X 1950 Y 4000 Z 300
 Input42> I 431 X 2100 Y 4000 Z 400
 Input42> I 432 X 2250 Y 4000 Z 500
 Input42> I 433 X 2400 Y 4000 Z 600
 Input42> I 434 X 2550 Y 4000 Z 700
 Input42> I 435 X 2700 Y 4000 Z 800
 Input42> I 436 X 2850 Y 4000 Z 900
 Input42> I 437 X 3150 Y 4000 Z 900
 Input42> I 438 X 3300 Y 4000 Z 800
 Input42> I 439 X 3450 Y 4000 Z 700
 Input42> I 440 X 3600 Y 4000 Z 600
 Input42> I 441 X 3750 Y 4000 Z 500
 Input42> I 442 X 3900 Y 4000 Z 400
 Input42> I 443 X 4050 Y 4000 Z 300
 Input42> I 444 X 4200 Y 4000 Z 200
 Input42> I 445 X 4350 Y 4000 Z 100
 Input42> I 446 X 15000 Y 4000 Z 1000
 Input42> I 447 X 15000 Y 0 Z 1000
 Input42> I 448 X 12000 Y 0 Z 1000
 Input42> I 449 X 12000 Y 4000 Z 1000
 Input42> I 450 X 9000 Y 0 Z 1000
 Input42> I 451 X 9000 Y 4000 Z 1000
 Input42> I 452 X 6000 Y 0 Z 1000
 Input42> I 453 X 6000 Y 4000 Z 1000
 Input42>! Simcenter Samcef Bank File: ELEMENTS.
 Input42>! -------------------------------------
 Input42>.MAI
 Input42> I 1 AT 1 0 N 11 10
 Input42> I 2 AT 1 0 N 10 9
 Input42> I 3 AT 1 0 N 9 8
 Input42> I 4 AT 1 0 N 8 7
 Input42> I 5 AT 1 0 N 7 6
 Input42> I 6 AT 1 0 N 6 5
 Input42> I 7 AT 1 0 N 5 4
 Input42> I 8 AT 1 0 N 4 3
 Input42> I 9 AT 1 0 N 3 2
 Input42> I 10 AT 1 0 N 2 1
 Input42> I 11 AT 1 0 N 21 20
 Input42> I 12 AT 1 0 N 20 19
 Input42> I 13 AT 1 0 N 19 18
 Input42> I 14 AT 1 0 N 18 17
 Input42> I 15 AT 1 0 N 17 16
 Input42> I 16 AT 1 0 N 16 15
 Input42> I 17 AT 1 0 N 15 14
 Input42> I 18 AT 1 0 N 14 13
 Input42> I 19 AT 1 0 N 13 12
 Input42> I 20 AT 1 0 N 12 11
 Input42> I 21 AT 1 0 N 21 22
 Input42> I 22 AT 1 0 N 22 23
 Input42> I 23 AT 1 0 N 23 24
 Input42> I 24 AT 1 0 N 24 25
 Input42> I 25 AT 1 0 N 25 26
 Input42> I 26 AT 1 0 N 26 27
 Input42> I 27 AT 1 0 N 27 28
 Input42> I 28 AT 1 0 N 28 29
 Input42> I 29 AT 1 0 N 29 30
 Input42> I 30 AT 1 0 N 30 31
 Input42> I 31 AT 1 0 N 31 32
 Input42> I 32 AT 1 0 N 32 33
 Input42> I 33 AT 1 0 N 33 34
 Input42> I 34 AT 1 0 N 34 35
 Input42> I 35 AT 1 0 N 35 36
 Input42> I 36 AT 1 0 N 36 37
 Input42> I 37 AT 1 0 N 37 38
 Input42> I 38 AT 1 0 N 38 39
 Input42> I 39 AT 1 0 N 39 40
 Input42> I 40 AT 1 0 N 40 41
 Input42> I 41 AT 1 0 N 41 42
 Input42> I 42 AT 1 0 N 42 43
 Input42> I 43 AT 1 0 N 43 44
 Input42> I 44 AT 1 0 N 44 45
 Input42> I 45 AT 1 0 N 45 46
 Input42> I 46 AT 1 0 N 46 47
 Input42> I 47 AT 1 0 N 47 48
 Input42> I 48 AT 1 0 N 48 49
 Input42> I 49 AT 1 0 N 49 50
 Input42> I 50 AT 1 0 N 50 51
 Input42> I 51 AT 1 0 N 52 53
 Input42> I 52 AT 1 0 N 53 54
 Input42> I 53 AT 1 0 N 54 55
 Input42> I 54 AT 1 0 N 55 56
 Input42> I 55 AT 1 0 N 56 57
 Input42> I 56 AT 1 0 N 57 58
 Input42> I 57 AT 1 0 N 58 59
 Input42> I 58 AT 1 0 N 59 60
 Input42> I 59 AT 1 0 N 60 61
 Input42> I 60 AT 1 0 N 61 51
 Input42> I 61 AT 1 0 N 52 71
 Input42> I 62 AT 1 0 N 71 70
 Input42> I 63 AT 1 0 N 70 69
 Input42> I 64 AT 1 0 N 69 68
 Input42> I 65 AT 1 0 N 68 67
 Input42> I 66 AT 1 0 N 67 66
 Input42> I 67 AT 1 0 N 66 65
 Input42> I 68 AT 1 0 N 65 64
 Input42> I 69 AT 1 0 N 64 63
 Input42> I 70 AT 1 0 N 63 62
 Input42> I 71 AT 1 0 N 62 81
 Input42> I 72 AT 1 0 N 81 80
 Input42> I 73 AT 1 0 N 80 79
 Input42> I 74 AT 1 0 N 79 78
 Input42> I 75 AT 1 0 N 78 77
 Input42> I 76 AT 1 0 N 77 76
 Input42> I 77 AT 1 0 N 76 75
 Input42> I 78 AT 1 0 N 75 74
 Input42> I 79 AT 1 0 N 74 73
 Input42> I 80 AT 1 0 N 73 72
 Input42> I 81 AT 1 0 N 72 91
 Input42> I 82 AT 1 0 N 91 90
 Input42> I 83 AT 1 0 N 90 89
 Input42> I 84 AT 1 0 N 89 88
 Input42> I 85 AT 1 0 N 88 87
 Input42> I 86 AT 1 0 N 87 86
 Input42> I 87 AT 1 0 N 86 85
 Input42> I 88 AT 1 0 N 85 84
 Input42> I 89 AT 1 0 N 84 83
 Input42> I 90 AT 1 0 N 83 82
 Input42> I 91 AT 1 0 N 82 101
 Input42> I 92 AT 1 0 N 101 100
 Input42> I 93 AT 1 0 N 100 99
 Input42> I 94 AT 1 0 N 99 98
 Input42> I 95 AT 1 0 N 98 97
 Input42> I 96 AT 1 0 N 97 96
 Input42> I 97 AT 1 0 N 96 95
 Input42> I 98 AT 1 0 N 95 94
 Input42> I 99 AT 1 0 N 94 93
 Input42> I 100 AT 1 0 N 93 92
 Input42> I 101 AT 1 0 N 92 110
 Input42> I 102 AT 1 0 N 110 109
 Input42> I 103 AT 1 0 N 109 108
 Input42> I 104 AT 1 0 N 108 107
 Input42> I 105 AT 1 0 N 107 106
 Input42> I 106 AT 1 0 N 106 105
 Input42> I 107 AT 1 0 N 105 104
 Input42> I 108 AT 1 0 N 104 103
 Input42> I 109 AT 1 0 N 103 102
 Input42> I 110 AT 1 0 N 102 1
 Input42> I 111 AT 1 0 N 111 112
 Input42> I 112 AT 1 0 N 112 113
 Input42> I 113 AT 1 0 N 113 114
 Input42> I 114 AT 1 0 N 114 115
 Input42> I 115 AT 1 0 N 115 116
 Input42> I 116 AT 1 0 N 116 117
 Input42> I 117 AT 1 0 N 117 118
 Input42> I 118 AT 1 0 N 118 119
 Input42> I 119 AT 1 0 N 119 120
 Input42> I 120 AT 1 0 N 120 121
 Input42> I 121 AT 1 0 N 131 130
 Input42> I 122 AT 1 0 N 130 129
 Input42> I 123 AT 1 0 N 129 128
 Input42> I 124 AT 1 0 N 128 127
 Input42> I 125 AT 1 0 N 127 126
 Input42> I 126 AT 1 0 N 126 125
 Input42> I 127 AT 1 0 N 125 124
 Input42> I 128 AT 1 0 N 124 123
 Input42> I 129 AT 1 0 N 123 122
 Input42> I 130 AT 1 0 N 122 111
 Input42> I 131 AT 1 0 N 131 132
 Input42> I 132 AT 1 0 N 132 133
 Input42> I 133 AT 1 0 N 133 134
 Input42> I 134 AT 1 0 N 134 135
 Input42> I 135 AT 1 0 N 135 136
 Input42> I 136 AT 1 0 N 136 137
 Input42> I 137 AT 1 0 N 137 138
 Input42> I 138 AT 1 0 N 138 139
 Input42> I 139 AT 1 0 N 139 140
 Input42> I 140 AT 1 0 N 140 141
 Input42> I 141 AT 1 0 N 121 142
 Input42> I 142 AT 1 0 N 142 143
 Input42> I 143 AT 1 0 N 143 144
 Input42> I 144 AT 1 0 N 144 145
 Input42> I 145 AT 1 0 N 145 146
 Input42> I 146 AT 1 0 N 146 147
 Input42> I 147 AT 1 0 N 147 148
 Input42> I 148 AT 1 0 N 148 149
 Input42> I 149 AT 1 0 N 149 150
 Input42> I 150 AT 1 0 N 150 151
 Input42> I 151 AT 1 0 N 141 152
 Input42> I 152 AT 1 0 N 152 153
 Input42> I 153 AT 1 0 N 153 154
 Input42> I 154 AT 1 0 N 154 155
 Input42> I 155 AT 1 0 N 155 156
 Input42> I 156 AT 1 0 N 156 157
 Input42> I 157 AT 1 0 N 157 158
 Input42> I 158 AT 1 0 N 158 159
 Input42> I 159 AT 1 0 N 159 160
 Input42> I 160 AT 1 0 N 160 161
 Input42> I 161 AT 1 0 N 151 162
 Input42> I 162 AT 1 0 N 162 163
 Input42> I 163 AT 1 0 N 163 164
 Input42> I 164 AT 1 0 N 164 165
 Input42> I 165 AT 1 0 N 165 166
 Input42> I 166 AT 1 0 N 166 167
 Input42> I 167 AT 1 0 N 167 168
 Input42> I 168 AT 1 0 N 168 169
 Input42> I 169 AT 1 0 N 169 170
 Input42> I 170 AT 1 0 N 170 171
 Input42> I 171 AT 1 0 N 161 172
 Input42> I 172 AT 1 0 N 172 173
 Input42> I 173 AT 1 0 N 173 174
 Input42> I 174 AT 1 0 N 174 175
 Input42> I 175 AT 1 0 N 175 176
 Input42> I 176 AT 1 0 N 176 177
 Input42> I 177 AT 1 0 N 177 178
 Input42> I 178 AT 1 0 N 178 179
 Input42> I 179 AT 1 0 N 179 180
 Input42> I 180 AT 1 0 N 180 181
 Input42> I 181 AT 1 0 N 171 182
 Input42> I 182 AT 1 0 N 182 183
 Input42> I 183 AT 1 0 N 183 184
 Input42> I 184 AT 1 0 N 184 185
 Input42> I 185 AT 1 0 N 185 186
 Input42> I 186 AT 1 0 N 186 187
 Input42> I 187 AT 1 0 N 187 188
 Input42> I 188 AT 1 0 N 188 189
 Input42> I 189 AT 1 0 N 189 190
 Input42> I 190 AT 1 0 N 190 191
 Input42> I 191 AT 1 0 N 181 192
 Input42> I 192 AT 1 0 N 192 193
 Input42> I 193 AT 1 0 N 193 194
 Input42> I 194 AT 1 0 N 194 195
 Input42> I 195 AT 1 0 N 195 196
 Input42> I 196 AT 1 0 N 196 197
 Input42> I 197 AT 1 0 N 197 198
 Input42> I 198 AT 1 0 N 198 199
 Input42> I 199 AT 1 0 N 199 200
 Input42> I 200 AT 1 0 N 200 201
 Input42> I 201 AT 1 0 N 191 202
 Input42> I 202 AT 1 0 N 202 203
 Input42> I 203 AT 1 0 N 203 204
 Input42> I 204 AT 1 0 N 204 205
 Input42> I 205 AT 1 0 N 205 206
 Input42> I 206 AT 1 0 N 206 207
 Input42> I 207 AT 1 0 N 207 208
 Input42> I 208 AT 1 0 N 208 209
 Input42> I 209 AT 1 0 N 209 210
 Input42> I 210 AT 1 0 N 210 211
 Input42> I 211 AT 1 0 N 201 212
 Input42> I 212 AT 1 0 N 212 213
 Input42> I 213 AT 1 0 N 213 214
 Input42> I 214 AT 1 0 N 214 215
 Input42> I 215 AT 1 0 N 215 216
 Input42> I 216 AT 1 0 N 216 217
 Input42> I 217 AT 1 0 N 217 218
 Input42> I 218 AT 1 0 N 218 219
 Input42> I 219 AT 1 0 N 219 220
 Input42> I 220 AT 1 0 N 220 211
 Input42> I 221 AT 2 0 N 92 221
 Input42> I 222 AT 2 0 N 221 222
 Input42> I 223 AT 2 0 N 222 223
 Input42> I 224 AT 2 0 N 223 224
 Input42> I 225 AT 2 0 N 224 225
 Input42> I 226 AT 2 0 N 225 226
 Input42> I 227 AT 2 0 N 226 227
 Input42> I 228 AT 2 0 N 227 228
 Input42> I 229 AT 2 0 N 228 229
 Input42> I 230 AT 2 0 N 229 131
 Input42> I 231 AT 2 0 N 121 238
 Input42> I 232 AT 2 0 N 238 237
 Input42> I 233 AT 2 0 N 237 236
 Input42> I 234 AT 2 0 N 236 235
 Input42> I 235 AT 2 0 N 235 234
 Input42> I 236 AT 2 0 N 234 233
 Input42> I 237 AT 2 0 N 233 232
 Input42> I 238 AT 2 0 N 232 231
 Input42> I 239 AT 2 0 N 231 230
 Input42> I 240 AT 2 0 N 230 11
 Input42> I 241 AT 2 0 N 82 239
 Input42> I 242 AT 2 0 N 239 240
 Input42> I 243 AT 2 0 N 240 241
 Input42> I 244 AT 2 0 N 241 242
 Input42> I 245 AT 2 0 N 242 243
 Input42> I 246 AT 2 0 N 243 244
 Input42> I 247 AT 2 0 N 244 245
 Input42> I 248 AT 2 0 N 245 246
 Input42> I 249 AT 2 0 N 246 247
 Input42> I 250 AT 2 0 N 247 141
 Input42> I 251 AT 2 0 N 151 248
 Input42> I 252 AT 2 0 N 248 249
 Input42> I 253 AT 2 0 N 249 250
 Input42> I 254 AT 2 0 N 250 251
 Input42> I 255 AT 2 0 N 251 252
 Input42> I 256 AT 2 0 N 252 253
 Input42> I 257 AT 2 0 N 253 254
 Input42> I 258 AT 2 0 N 254 255
 Input42> I 259 AT 2 0 N 255 256
 Input42> I 260 AT 2 0 N 256 21
 Input42> I 261 AT 2 0 N 72 265
 Input42> I 262 AT 2 0 N 265 264
 Input42> I 263 AT 2 0 N 264 263
 Input42> I 264 AT 2 0 N 263 262
 Input42> I 265 AT 2 0 N 262 261
 Input42> I 266 AT 2 0 N 261 260
 Input42> I 267 AT 2 0 N 260 259
 Input42> I 268 AT 2 0 N 259 258
 Input42> I 269 AT 2 0 N 258 257
 Input42> I 270 AT 2 0 N 257 161
 Input42> I 271 AT 2 0 N 171 266
 Input42> I 272 AT 2 0 N 266 267
 Input42> I 273 AT 2 0 N 267 268
 Input42> I 274 AT 2 0 N 268 269
 Input42> I 275 AT 2 0 N 269 270
 Input42> I 276 AT 2 0 N 270 271
 Input42> I 277 AT 2 0 N 271 272
 Input42> I 278 AT 2 0 N 272 273
 Input42> I 279 AT 2 0 N 273 274
 Input42> I 280 AT 2 0 N 274 31
 Input42> I 281 AT 2 0 N 62 283
 Input42> I 282 AT 2 0 N 283 282
 Input42> I 283 AT 2 0 N 282 281
 Input42> I 284 AT 2 0 N 281 280
 Input42> I 285 AT 2 0 N 280 279
 Input42> I 286 AT 2 0 N 279 278
 Input42> I 287 AT 2 0 N 278 277
 Input42> I 288 AT 2 0 N 277 276
 Input42> I 289 AT 2 0 N 276 275
 Input42> I 290 AT 2 0 N 275 181
 Input42> I 291 AT 2 0 N 191 284
 Input42> I 292 AT 2 0 N 284 285
 Input42> I 293 AT 2 0 N 285 286
 Input42> I 294 AT 2 0 N 286 287
 Input42> I 295 AT 2 0 N 287 288
 Input42> I 296 AT 2 0 N 288 289
 Input42> I 297 AT 2 0 N 289 290
 Input42> I 298 AT 2 0 N 290 291
 Input42> I 299 AT 2 0 N 291 292
 Input42> I 300 AT 2 0 N 292 41
 Input42> I 301 AT 2 0 N 52 301
 Input42> I 302 AT 2 0 N 301 300
 Input42> I 303 AT 2 0 N 300 299
 Input42> I 304 AT 2 0 N 299 298
 Input42> I 305 AT 2 0 N 298 297
 Input42> I 306 AT 2 0 N 297 296
 Input42> I 307 AT 2 0 N 296 295
 Input42> I 308 AT 2 0 N 295 294
 Input42> I 309 AT 2 0 N 294 293
 Input42> I 310 AT 2 0 N 293 201
 Input42> I 311 AT 2 0 N 52 310
 Input42> I 312 AT 2 0 N 310 309
 Input42> I 313 AT 2 0 N 309 308
 Input42> I 314 AT 2 0 N 308 307
 Input42> I 315 AT 2 0 N 307 306
 Input42> I 316 AT 2 0 N 306 305
 Input42> I 317 AT 2 0 N 305 304
 Input42> I 318 AT 2 0 N 304 303
 Input42> I 319 AT 2 0 N 303 302
 Input42> I 320 AT 2 0 N 302 41
 Input42> I 321 AT 2 0 N 41 319
 Input42> I 322 AT 2 0 N 319 318
 Input42> I 323 AT 2 0 N 318 317
 Input42> I 324 AT 2 0 N 317 316
 Input42> I 325 AT 2 0 N 316 315
 Input42> I 326 AT 2 0 N 315 314
 Input42> I 327 AT 2 0 N 314 313
 Input42> I 328 AT 2 0 N 313 312
 Input42> I 329 AT 2 0 N 312 311
 Input42> I 330 AT 2 0 N 311 62
 Input42> I 331 AT 2 0 N 191 328
 Input42> I 332 AT 2 0 N 328 327
 Input42> I 333 AT 2 0 N 327 326
 Input42> I 334 AT 2 0 N 326 325
 Input42> I 335 AT 2 0 N 325 324
 Input42> I 336 AT 2 0 N 324 323
 Input42> I 337 AT 2 0 N 323 322
 Input42> I 338 AT 2 0 N 322 321
 Input42> I 339 AT 2 0 N 321 320
 Input42> I 340 AT 2 0 N 320 181
 Input42> I 341 AT 2 0 N 201 337
 Input42> I 342 AT 2 0 N 337 336
 Input42> I 343 AT 2 0 N 336 335
 Input42> I 344 AT 2 0 N 335 334
 Input42> I 345 AT 2 0 N 334 333
 Input42> I 346 AT 2 0 N 333 332
 Input42> I 347 AT 2 0 N 332 331
 Input42> I 348 AT 2 0 N 331 330
 Input42> I 349 AT 2 0 N 330 329
 Input42> I 350 AT 2 0 N 329 191
 Input42> I 351 AT 2 0 N 181 346
 Input42> I 352 AT 2 0 N 346 345
 Input42> I 353 AT 2 0 N 345 344
 Input42> I 354 AT 2 0 N 344 343
 Input42> I 355 AT 2 0 N 343 342
 Input42> I 356 AT 2 0 N 342 341
 Input42> I 357 AT 2 0 N 341 340
 Input42> I 358 AT 2 0 N 340 339
 Input42> I 359 AT 2 0 N 339 338
 Input42> I 360 AT 2 0 N 338 171
 Input42> I 361 AT 2 0 N 171 355
 Input42> I 362 AT 2 0 N 355 354
 Input42> I 363 AT 2 0 N 354 353
 Input42> I 364 AT 2 0 N 353 352
 Input42> I 365 AT 2 0 N 352 351
 Input42> I 366 AT 2 0 N 351 350
 Input42> I 367 AT 2 0 N 350 349
 Input42> I 368 AT 2 0 N 349 348
 Input42> I 369 AT 2 0 N 348 347
 Input42> I 370 AT 2 0 N 347 161
 Input42> I 371 AT 2 0 N 72 356
 Input42> I 372 AT 2 0 N 356 357
 Input42> I 373 AT 2 0 N 357 358
 Input42> I 374 AT 2 0 N 358 359
 Input42> I 375 AT 2 0 N 359 360
 Input42> I 376 AT 2 0 N 360 361
 Input42> I 377 AT 2 0 N 361 362
 Input42> I 378 AT 2 0 N 362 363
 Input42> I 379 AT 2 0 N 363 364
 Input42> I 380 AT 2 0 N 364 31
 Input42> I 381 AT 2 0 N 62 373
 Input42> I 382 AT 2 0 N 373 372
 Input42> I 383 AT 2 0 N 372 371
 Input42> I 384 AT 2 0 N 371 370
 Input42> I 385 AT 2 0 N 370 369
 Input42> I 386 AT 2 0 N 369 368
 Input42> I 387 AT 2 0 N 368 367
 Input42> I 388 AT 2 0 N 367 366
 Input42> I 389 AT 2 0 N 366 365
 Input42> I 390 AT 2 0 N 365 31
 Input42> I 391 AT 2 0 N 72 382
 Input42> I 392 AT 2 0 N 382 381
 Input42> I 393 AT 2 0 N 381 380
 Input42> I 394 AT 2 0 N 380 379
 Input42> I 395 AT 2 0 N 379 378
 Input42> I 396 AT 2 0 N 378 377
 Input42> I 397 AT 2 0 N 377 376
 Input42> I 398 AT 2 0 N 376 375
 Input42> I 399 AT 2 0 N 375 374
 Input42> I 400 AT 2 0 N 374 21
 Input42> I 401 AT 2 0 N 21 391
 Input42> I 402 AT 2 0 N 391 390
 Input42> I 403 AT 2 0 N 390 389
 Input42> I 404 AT 2 0 N 389 388
 Input42> I 405 AT 2 0 N 388 387
 Input42> I 406 AT 2 0 N 387 386
 Input42> I 407 AT 2 0 N 386 385
 Input42> I 408 AT 2 0 N 385 384
 Input42> I 409 AT 2 0 N 384 383
 Input42> I 410 AT 2 0 N 383 82
 Input42> I 411 AT 2 0 N 151 400
 Input42> I 412 AT 2 0 N 400 399
 Input42> I 413 AT 2 0 N 399 398
 Input42> I 414 AT 2 0 N 398 397
 Input42> I 415 AT 2 0 N 397 396
 Input42> I 416 AT 2 0 N 396 395
 Input42> I 417 AT 2 0 N 395 394
 Input42> I 418 AT 2 0 N 394 393
 Input42> I 419 AT 2 0 N 393 392
 Input42> I 420 AT 2 0 N 392 141
 Input42> I 421 AT 2 0 N 151 401
 Input42> I 422 AT 2 0 N 401 402
 Input42> I 423 AT 2 0 N 402 403
 Input42> I 424 AT 2 0 N 403 404
 Input42> I 425 AT 2 0 N 404 405
 Input42> I 426 AT 2 0 N 405 406
 Input42> I 427 AT 2 0 N 406 407
 Input42> I 428 AT 2 0 N 407 408
 Input42> I 429 AT 2 0 N 408 409
 Input42> I 430 AT 2 0 N 409 161
 Input42> I 431 AT 2 0 N 141 418
 Input42> I 432 AT 2 0 N 418 417
 Input42> I 433 AT 2 0 N 417 416
 Input42> I 434 AT 2 0 N 416 415
 Input42> I 435 AT 2 0 N 415 414
 Input42> I 436 AT 2 0 N 414 413
 Input42> I 437 AT 2 0 N 413 412
 Input42> I 438 AT 2 0 N 412 411
 Input42> I 439 AT 2 0 N 411 410
 Input42> I 440 AT 2 0 N 410 121
 Input42> I 441 AT 2 0 N 121 427
 Input42> I 442 AT 2 0 N 427 426
 Input42> I 443 AT 2 0 N 426 425
 Input42> I 444 AT 2 0 N 425 424
 Input42> I 445 AT 2 0 N 424 423
 Input42> I 446 AT 2 0 N 423 422
 Input42> I 447 AT 2 0 N 422 421
 Input42> I 448 AT 2 0 N 421 420
 Input42> I 449 AT 2 0 N 420 419
 Input42> I 450 AT 2 0 N 419 131
 Input42> I 451 AT 2 0 N 11 436
 Input42> I 452 AT 2 0 N 436 435
 Input42> I 453 AT 2 0 N 435 434
 Input42> I 454 AT 2 0 N 434 433
 Input42> I 455 AT 2 0 N 433 432
 Input42> I 456 AT 2 0 N 432 431
 Input42> I 457 AT 2 0 N 431 430
 Input42> I 458 AT 2 0 N 430 429
 Input42> I 459 AT 2 0 N 429 428
 Input42> I 460 AT 2 0 N 428 92
 Input42> I 461 AT 2 0 N 11 437
 Input42> I 462 AT 2 0 N 437 438
 Input42> I 463 AT 2 0 N 438 439
 Input42> I 464 AT 2 0 N 439 440
 Input42> I 465 AT 2 0 N 440 441
 Input42> I 466 AT 2 0 N 441 442
 Input42> I 467 AT 2 0 N 442 443
 Input42> I 468 AT 2 0 N 443 444
 Input42> I 469 AT 2 0 N 444 445
 Input42> I 470 AT 2 0 N 445 82
 Input42>! Simcenter Samcef Bank File : FUNCTIONS.
 Input42>! ---------------------------------------
 Input42>.FCT
 Input42> CREE FONCTION I 1 NOM "Steel::trussv3_fem::[1]Temperature Dependent Youngs Modulus (E)"
 Input42> CREE VALEUR Y U
 Input42>    ABSCISSAE 20 21.11
 Input42>    ORDINATES 2.0694e+08 2.0694e+08
 Input42>CREE
 Input42> 
 Input42> CREE FONCTION I 2 NOM "Steel::trussv3_fem::[1]Temperature Dependent Poissons Ratio (NU)"
 Input42> CREE VALEUR Y U
 Input42>    ABSCISSAE 20 21.11 23.89 37.78 51.67 65.56 79.44 93.33
 Input42>              107.22 121.11 135 148.89 162.78 176.67 190.56 204.44
 Input42>              218.33 232.22 246.11 260 273.89 287.78 301.67 315.56
 Input42>              329.44 343.33 357.22 371.11 385 398.89 412.78 426.67
 Input42>              440.56 454.44 468.33 482.22 496.11 510 523.89 537.78
 Input42>              551.67 565.56 579.44 593.33 607.22 621.11 635 648.89
 Input42>              662.78 676.67 690.56 704.44
 Input42>    ORDINATES 0.288 0.288 0.288 0.288 0.289 0.289 0.29 0.29
 Input42>              0.291 0.291 0.291 0.292 0.292 0.293 0.293 0.293
 Input42>              0.294 0.294 0.294 0.295 0.295 0.296 0.296 0.296
 Input42>              0.297 0.297 0.298 0.298 0.298 0.299 0.299 0.3
 Input42>              0.3 0.301 0.301 0.302 0.302 0.303 0.304 0.304
 Input42>              0.305 0.306 0.307 0.308 0.309 0.31 0.311 0.312
 Input42>              0.313 0.314 0.316 0.317
 Input42>CREE
 Input42> 
 Input42> CREE FONCTION I 3 NOM "Steel::trussv3_fem::[1]Temperature Dependent Thermal Expansion Coefficient (A)"
 Input42> CREE VALEUR Y U
 Input42>    ABSCISSAE 20 93.33 107.22 121.11 135 148.89 162.78 176.67
 Input42>              190.56 204.44 218.33 232.22 246.11 260 273.89 287.78
 Input42>              301.67 315.56 329.44 343.33 357.22 371.11 385 398.89
 Input42>              412.78 426.67 440.56 454.44 468.33 482.22 496.11 510
 Input42>              523.89 537.78 551.67 565.56 579.44 593.33 607.22 621.11
 Input42>              635 648.89 662.78 676.67 690.56 704.44 718.33 732.22
 Input42>              746.11 760 773.89 787.78 801.67 815.56
 Input42>    ORDINATES 1.128e-05 1.179e-05 1.188e-05 1.197e-05 1.206e-05 1.2132e-05 1.2222e-05 1.2312e-05
 Input42>              1.2402e-05 1.2492e-05 1.2582e-05 1.2672e-05 1.2762e-05 1.2852e-05 1.2942e-05 1.3032e-05
 Input42>              1.3122e-05 1.3212e-05 1.3302e-05 1.3392e-05 1.3464e-05 1.3554e-05 1.3644e-05 1.3734e-05
 Input42>              1.3806e-05 1.3896e-05 1.3986e-05 1.4058e-05 1.4148e-05 1.4238e-05 1.431e-05 1.44e-05
 Input42>              1.4472e-05 1.4544e-05 1.4616e-05 1.4688e-05 1.4742e-05 1.4796e-05 1.4832e-05 1.4886e-05
 Input42>              1.4904e-05 1.4922e-05 1.4922e-05 1.4922e-05 1.4904e-05 1.4886e-05 1.485e-05 1.4796e-05
 Input42>              1.4724e-05 1.4634e-05 1.4472e-05 1.4256e-05 1.4004e-05 1.368e-05
 Input42>CREE
 Input42> 
 Input42>! Simcenter Samcef Bank File: Coordinates Systems.
 Input42>! ------------------------------------------------
 Input42>.FRAME
 Input42> I 1 TYPE CARTESIAN ORIGIN 0 0 0
 Input42> V1 1 0 0
 Input42> V2 0 1 0
 Input42> I 2 TYPE CARTESIAN ORIGIN 0 0 0
 Input42> V1 1 0 0
 Input42> V2 0 1 0
 Input42> I 3 TYPE CARTESIAN ORIGIN 0 4000 0
 Input42> V1 1 0 0
 Input42> V2 0 1 0
 Input42>! Samcef Bank File : GROUPS.
 Input42>! --------------------------
 Input42>.SEL
  Current accuracy =  2.00000000E+00
 Input42> GROUP 1 MAILLE NOM "@SC@1d_mesh(1)_0"
 Input42> I 1 J 220 K 1
 Input42> GROUP 2 MAILLE NOM "@SC@1d_mesh(2)_1"
 Input42> I 221 J 470 K 1
 Input42> GROUP 3 NOEUDS NOM "@SC@Fixed(1)"
 Input42> I 1
 Input42> I 51
 Input42> I 111
 Input42> I 211
 Input42>! Simcenter Samcef Bank File: MATERIALS.
 Input42>! --------------------------------------
 Input42>.MAT
 Input42>   I 1 NOM "Steel::trussv3_fem::[1]"
 Input42>   BEHA "ELASTIC"
 Input42>   YT 1 NF 1  TEMP  ! Young's modulus (E)
 Input42>   NT 1 NF 2  TEMP  ! Poisson's ratio (NU)
 Input42>   A 1 NF 3  TEMP  ! Thermal expansion coefficient(A)
 Input42>   M 7.829e-06  !  Mass Density (Rho)
 Input42> 
 Input42>! Simcenter Samcef Bank File: BEAM
 Input42>! --------------------------------
 Input42>.BEAM
 Number of nodes reloaded =         453
 Largest  node  number    =         453
 Number of cells reloaded =         470
 Largest  cell  number    =         470
  Current accuracy =  2.00000000E-01
 Input42>I 1 PLANZ DIR 0 -1 0
 Input42>I 2 PLANZ DIR -3.03165e-15 -1 2.29772e-30
 Input42>I 3 PLANZ DIR 4.54747e-15 -1 5.16988e-30
 Input42>I 4 PLANZ DIR -1.51582e-15 -1 5.74431e-31
 Input42>I 5 PLANZ DIR 0 -1 0
 Input42>I 6 PLANZ DIR -1.51582e-15 -1 5.74431e-31
 Input42>I 7 PLANZ DIR 0 -1 0
 Input42>I 8 PLANZ DIR -4.54747e-15 -1 5.16988e-30
 Input42>I 9 PLANZ DIR 0 -1 0
 Input42>I 10 PLANZ DIR 6.0633e-15 -1 9.1909e-30
 Input42>I 11 PLANZ DIR 0 -1 0
 Input42>I 12 PLANZ DIR -3.03165e-15 -1 2.29772e-30
 Input42>I 13 PLANZ DIR 4.54747e-15 -1 5.16988e-30
 Input42>I 14 PLANZ DIR -1.51582e-15 -1 5.74431e-31
 Input42>I 15 PLANZ DIR 0 -1 0
 Input42>I 16 PLANZ DIR -1.51582e-15 -1 5.74431e-31
 Input42>I 17 PLANZ DIR 0 -1 0
 Input42>I 18 PLANZ DIR -4.54747e-15 -1 5.16988e-30
 Input42>I 19 PLANZ DIR 0 -1 0
 Input42>I 20 PLANZ DIR 6.0633e-15 -1 9.1909e-30
 Input42>I 21 PLANZ DIR -6.0633e-15 1 0
 Input42>I 22 PLANZ DIR -0 1 0
 Input42>I 23 PLANZ DIR 4.54747e-15 1 -1.20631e-29
 Input42>I 24 PLANZ DIR -0 1 0
 Input42>I 25 PLANZ DIR 1.51582e-15 1 -2.87215e-30
 Input42>I 26 PLANZ DIR -0 1 0
 Input42>I 27 PLANZ DIR 1.51582e-15 1 -2.87215e-30
 Input42>I 28 PLANZ DIR -4.54747e-15 1 1.72329e-30
 Input42>I 29 PLANZ DIR 3.03165e-15 1 -6.89317e-30
 Input42>I 30 PLANZ DIR -0 1 0
 Input42>I 31 PLANZ DIR -6.0633e-15 1 2.94273e-44
 Input42>I 32 PLANZ DIR -0 1 0
 Input42>I 33 PLANZ DIR 4.54747e-15 1 -1.20631e-29
 Input42>I 34 PLANZ DIR -0 1 0
 Input42>I 35 PLANZ DIR 1.51582e-15 1 -2.87215e-30
 Input42>I 36 PLANZ DIR -0 1 0
 Input42>I 37 PLANZ DIR 1.51582e-15 1 -2.87215e-30
 Input42>I 38 PLANZ DIR -4.54747e-15 1 1.72329e-30
 Input42>I 39 PLANZ DIR 3.03165e-15 1 -6.89317e-30
 Input42>I 40 PLANZ DIR -0 1 0
 Input42>I 41 PLANZ DIR -6.0633e-15 1 8.26766e-44
 Input42>I 42 PLANZ DIR -0 1 0
 Input42>I 43 PLANZ DIR 4.54747e-15 1 -1.20631e-29
 Input42>I 44 PLANZ DIR -0 1 0
 Input42>I 45 PLANZ DIR 1.51582e-15 1 -2.87215e-30
 Input42>I 46 PLANZ DIR -0 1 0
 Input42>I 47 PLANZ DIR 1.51582e-15 1 -2.87215e-30
 Input42>I 48 PLANZ DIR -4.54747e-15 1 1.72329e-30
 Input42>I 49 PLANZ DIR 3.03165e-15 1 -6.89317e-30
 Input42>I 50 PLANZ DIR -0 1 0
 Input42>I 51 PLANZ DIR -1.00899e-14 -1 3.33248e-14
 Input42>I 52 PLANZ DIR -1.84853e-14 -1 2.77279e-14
 Input42>I 53 PLANZ DIR -2.47818e-14 -1 2.35302e-14
 Input42>I 54 PLANZ DIR -1.84853e-14 -1 2.77279e-14
 Input42>I 55 PLANZ DIR -2.05841e-14 -1 2.63287e-14
 Input42>I 56 PLANZ DIR -1.84853e-14 -1 2.77279e-14
 Input42>I 57 PLANZ DIR -2.05841e-14 -1 2.63287e-14
 Input42>I 58 PLANZ DIR -1.21888e-14 -1 3.19256e-14
 Input42>I 59 PLANZ DIR -2.26829e-14 -1 2.49295e-14
 Input42>I 60 PLANZ DIR -1.84853e-14 -1 2.77279e-14
 Input42>I 61 PLANZ DIR 0 -1 0
 Input42>I 62 PLANZ DIR -3.03165e-15 -1 0
 Input42>I 63 PLANZ DIR 4.54747e-15 -1 0
 Input42>I 64 PLANZ DIR -1.51582e-15 -1 0
 Input42>I 65 PLANZ DIR 0 -1 0
 Input42>I 66 PLANZ DIR -1.51582e-15 -1 0
 Input42>I 67 PLANZ DIR 0 -1 0
 Input42>I 68 PLANZ DIR -4.54747e-15 -1 0
 Input42>I 69 PLANZ DIR 0 -1 0
 Input42>I 70 PLANZ DIR 6.0633e-15 -1 0
 Input42>I 71 PLANZ DIR 0 -1 0
 Input42>I 72 PLANZ DIR -3.03165e-15 -1 0
 Input42>I 73 PLANZ DIR 4.54747e-15 -1 0
 Input42>I 74 PLANZ DIR -1.51582e-15 -1 0
 Input42>I 75 PLANZ DIR 0 -1 0
 Input42>I 76 PLANZ DIR -1.51582e-15 -1 0
 Input42>I 77 PLANZ DIR 0 -1 0
 Input42>I 78 PLANZ DIR -4.54747e-15 -1 0
 Input42>I 79 PLANZ DIR 0 -1 0
 Input42>I 80 PLANZ DIR 6.0633e-15 -1 0
 Input42>I 81 PLANZ DIR 0 -1 0
 Input42>I 82 PLANZ DIR -3.03165e-15 -1 0
 Input42>I 83 PLANZ DIR 4.54747e-15 -1 0
 Input42>I 84 PLANZ DIR -1.51582e-15 -1 0
 Input42>I 85 PLANZ DIR 0 -1 0
 Input42>I 86 PLANZ DIR -1.51582e-15 -1 0
 Input42>I 87 PLANZ DIR 0 -1 0
 Input42>I 88 PLANZ DIR -4.54747e-15 -1 0
 Input42>I 89 PLANZ DIR 0 -1 0
 Input42>I 90 PLANZ DIR 6.0633e-15 -1 0
 Input42>I 91 PLANZ DIR 0 -1 0
 Input42>I 92 PLANZ DIR -3.03165e-15 -1 0
 Input42>I 93 PLANZ DIR 4.54747e-15 -1 0
 Input42>I 94 PLANZ DIR -1.51582e-15 -1 0
 Input42>I 95 PLANZ DIR 0 -1 0
 Input42>I 96 PLANZ DIR -1.51582e-15 -1 0
 Input42>I 97 PLANZ DIR 0 -1 0
 Input42>I 98 PLANZ DIR -4.54747e-15 -1 0
 Input42>I 99 PLANZ DIR 0 -1 0
 Input42>I 100 PLANZ DIR 6.0633e-15 -1 0
 Input42>I 101 PLANZ DIR 1.01833e-15 -1 1.52749e-15
 Input42>I 102 PLANZ DIR -3.17934e-15 -1 4.32594e-15
 Input42>I 103 PLANZ DIR 7.31483e-15 -1 -2.67017e-15
 Input42>I 104 PLANZ DIR -1.0805e-15 -1 2.92672e-15
 Input42>I 105 PLANZ DIR 1.01833e-15 -1 1.52749e-15
 Input42>I 106 PLANZ DIR -1.0805e-15 -1 2.92672e-15
 Input42>I 107 PLANZ DIR 1.01833e-15 -1 1.52749e-15
 Input42>I 108 PLANZ DIR -5.27817e-15 -1 5.72516e-15
 Input42>I 109 PLANZ DIR 1.01833e-15 -1 1.52749e-15
 Input42>I 110 PLANZ DIR 9.41366e-15 -1 -4.0694e-15
 Input42>I 111 PLANZ DIR 0 -1 0
 Input42>I 112 PLANZ DIR 0 -1 0
 Input42>I 113 PLANZ DIR 0 -1 -0
 Input42>I 114 PLANZ DIR 0 -1 0
 Input42>I 115 PLANZ DIR 0 -1 -0
 Input42>I 116 PLANZ DIR 0 -1 0
 Input42>I 117 PLANZ DIR 0 -1 -0
 Input42>I 118 PLANZ DIR 0 -1 0
 Input42>I 119 PLANZ DIR 0 -1 -0
 Input42>I 120 PLANZ DIR 0 -1 0
 Input42>I 121 PLANZ DIR 0 -1 0
 Input42>I 122 PLANZ DIR 0 -1 0
 Input42>I 123 PLANZ DIR 0 -1 0
 Input42>I 124 PLANZ DIR 0 -1 0
 Input42>I 125 PLANZ DIR 0 -1 0
 Input42>I 126 PLANZ DIR 0 -1 0
 Input42>I 127 PLANZ DIR 0 -1 0
 Input42>I 128 PLANZ DIR 0 -1 0
 Input42>I 129 PLANZ DIR 0 -1 0
 Input42>I 130 PLANZ DIR 0 -1 0
 Input42>I 131 PLANZ DIR 0 1 0
 Input42>I 132 PLANZ DIR 0 1 0
 Input42>I 133 PLANZ DIR 0 1 0
 Input42>I 134 PLANZ DIR 0 1 0
 Input42>I 135 PLANZ DIR 0 1 0
 Input42>I 136 PLANZ DIR 0 1 0
 Input42>I 137 PLANZ DIR 0 1 0
 Input42>I 138 PLANZ DIR 0 1 0
 Input42>I 139 PLANZ DIR 0 1 0
 Input42>I 140 PLANZ DIR 0 1 0
 Input42>I 141 PLANZ DIR 0 -1 0
 Input42>I 142 PLANZ DIR 0 -1 0
 Input42>I 143 PLANZ DIR 0 -1 -0
 Input42>I 144 PLANZ DIR 0 -1 0
 Input42>I 145 PLANZ DIR 0 -1 -0
 Input42>I 146 PLANZ DIR 0 -1 0
 Input42>I 147 PLANZ DIR 0 -1 -0
 Input42>I 148 PLANZ DIR 0 -1 0
 Input42>I 149 PLANZ DIR 0 -1 -0
 Input42>I 150 PLANZ DIR 0 -1 0
 Input42>I 151 PLANZ DIR 0 1 0
 Input42>I 152 PLANZ DIR 0 1 0
 Input42>I 153 PLANZ DIR 0 1 0
 Input42>I 154 PLANZ DIR 0 1 0
 Input42>I 155 PLANZ DIR 0 1 0
 Input42>I 156 PLANZ DIR 0 1 0
 Input42>I 157 PLANZ DIR 0 1 0
 Input42>I 158 PLANZ DIR 0 1 0
 Input42>I 159 PLANZ DIR 0 1 0
 Input42>I 160 PLANZ DIR 0 1 0
 Input42>I 161 PLANZ DIR 0 -1 0
 Input42>I 162 PLANZ DIR 0 -1 0
 Input42>I 163 PLANZ DIR 0 -1 -0
 Input42>I 164 PLANZ DIR 0 -1 0
 Input42>I 165 PLANZ DIR 0 -1 -0
 Input42>I 166 PLANZ DIR 0 -1 0
 Input42>I 167 PLANZ DIR 0 -1 -0
 Input42>I 168 PLANZ DIR 0 -1 0
 Input42>I 169 PLANZ DIR 0 -1 -0
 Input42>I 170 PLANZ DIR 0 -1 0
 Input42>I 171 PLANZ DIR 0 1 0
 Input42>I 172 PLANZ DIR 0 1 0
 Input42>I 173 PLANZ DIR 0 1 0
 Input42>I 174 PLANZ DIR 0 1 0
 Input42>I 175 PLANZ DIR 0 1 0
 Input42>I 176 PLANZ DIR 0 1 0
 Input42>I 177 PLANZ DIR 0 1 0
 Input42>I 178 PLANZ DIR 0 1 0
 Input42>I 179 PLANZ DIR 0 1 0
 Input42>I 180 PLANZ DIR 0 1 0
 Input42>I 181 PLANZ DIR 0 -1 0
 Input42>I 182 PLANZ DIR 0 -1 0
 Input42>I 183 PLANZ DIR 0 -1 -0
 Input42>I 184 PLANZ DIR 0 -1 0
 Input42>I 185 PLANZ DIR 0 -1 -0
 Input42>I 186 PLANZ DIR 0 -1 0
 Input42>I 187 PLANZ DIR 0 -1 -0
 Input42>I 188 PLANZ DIR 0 -1 0
 Input42>I 189 PLANZ DIR 0 -1 -0
 Input42>I 190 PLANZ DIR 0 -1 0
 Input42>I 191 PLANZ DIR 0 1 0
 Input42>I 192 PLANZ DIR 0 1 0
 Input42>I 193 PLANZ DIR 0 1 0
 Input42>I 194 PLANZ DIR 0 1 0
 Input42>I 195 PLANZ DIR 0 1 0
 Input42>I 196 PLANZ DIR 0 1 0
 Input42>I 197 PLANZ DIR 0 1 0
 Input42>I 198 PLANZ DIR 0 1 0
 Input42>I 199 PLANZ DIR 0 1 0
 Input42>I 200 PLANZ DIR 0 1 0
 Input42>I 201 PLANZ DIR 0 -1 0
 Input42>I 202 PLANZ DIR 0 -1 0
 Input42>I 203 PLANZ DIR 0 -1 -0
 Input42>I 204 PLANZ DIR 0 -1 0
 Input42>I 205 PLANZ DIR 0 -1 -0
 Input42>I 206 PLANZ DIR 0 -1 0
 Input42>I 207 PLANZ DIR 0 -1 -0
 Input42>I 208 PLANZ DIR 0 -1 0
 Input42>I 209 PLANZ DIR 0 -1 -0
 Input42>I 210 PLANZ DIR 0 -1 0
 Input42>I 211 PLANZ DIR 0 1 -0
 Input42>I 212 PLANZ DIR 0 1 -0
 Input42>I 213 PLANZ DIR 0 1 -0
 Input42>I 214 PLANZ DIR 0 1 -0
 Input42>I 215 PLANZ DIR 0 1 -0
 Input42>I 216 PLANZ DIR 0 1 -0
 Input42>I 217 PLANZ DIR 0 1 -0
 Input42>I 218 PLANZ DIR 0 1 -0
 Input42>I 219 PLANZ DIR 0 1 -0
 Input42>I 220 PLANZ DIR 0 1 -0
 Input42> 
 Input42>I 221 PLANZ DIR -0.926263 -1.57956e-15 -0.376878
 Input42>I 222 PLANZ DIR -0.926263 -0 -0.376878
 Input42>I 223 PLANZ DIR -0.926263 2.10608e-15 -0.376878
 Input42>I 224 PLANZ DIR -0.926263 -1.57956e-15 -0.376878
 Input42>I 225 PLANZ DIR -0.926263 2.10608e-15 -0.376878
 Input42>I 226 PLANZ DIR -0.926263 -1.57956e-15 -0.376878
 Input42>I 227 PLANZ DIR -0.926263 1.05304e-15 -0.376878
 Input42>I 228 PLANZ DIR -0.926263 -1.05304e-15 -0.376878
 Input42>I 229 PLANZ DIR -0.926263 1.05304e-15 -0.376878
 Input42>I 230 PLANZ DIR -0.926263 -5.2652e-16 -0.376878
 Input42>I 231 PLANZ DIR 0.704142 1.20414e-15 0.710059
 Input42>I 232 PLANZ DIR 0.704142 -2.40828e-15 0.710059
 Input42>I 233 PLANZ DIR 0.704142 2.20647e-15 0.710059
 Input42>I 234 PLANZ DIR 0.704142 -2.20647e-15 0.710059
 Input42>I 235 PLANZ DIR 0.704142 3.20879e-15 0.710059
 Input42>I 236 PLANZ DIR 0.704142 -4.21112e-15 0.710059
 Input42>I 237 PLANZ DIR 0.704142 3.61242e-15 0.710059
 Input42>I 238 PLANZ DIR 0.704142 -4.61474e-15 0.710059
 Input42>I 239 PLANZ DIR 0.704142 -0 0.710059
 Input42>I 240 PLANZ DIR 0.704142 3.20879e-15 0.710059
 Input42>I 241 PLANZ DIR 0.384615 1.74903e-15 0.923077
 Input42>I 242 PLANZ DIR 0.384615 0 0.923077
 Input42>I 243 PLANZ DIR 0.384615 -3.49806e-15 0.923077
 Input42>I 244 PLANZ DIR 0.384615 2.62354e-15 0.923077
 Input42>I 245 PLANZ DIR 0.384615 -2.62354e-15 0.923077
 Input42>I 246 PLANZ DIR 0.384615 2.62354e-15 0.923077
 Input42>I 247 PLANZ DIR 0.384615 -8.74514e-16 0.923077
 Input42>I 248 PLANZ DIR 0.384615 8.74514e-16 0.923077
 Input42>I 249 PLANZ DIR 0.384615 -1.74903e-15 0.923077
 Input42>I 250 PLANZ DIR 0.384615 8.74514e-16 0.923077
 Input42>I 251 PLANZ DIR -1 6.82121e-15 0
 Input42>I 252 PLANZ DIR -1 0 0
 Input42>I 253 PLANZ DIR -1 -9.09495e-15 3.16655e-29
 Input42>I 254 PLANZ DIR -1 6.82121e-15 -2.8026e-45
 Input42>I 255 PLANZ DIR -1 -9.09495e-15 2.26182e-29
 Input42>I 256 PLANZ DIR -1 6.82121e-15 -1.12104e-44
 Input42>I 257 PLANZ DIR -1 -4.54747e-15 9.69352e-30
 Input42>I 258 PLANZ DIR -1 2.27374e-15 0
 Input42>I 259 PLANZ DIR -1 2.27374e-15 -2.58494e-30
 Input42>I 260 PLANZ DIR -1 -2.27374e-15 2.58494e-30
 Input42>I 261 PLANZ DIR 1 2.27374e-15 1.03398e-29
 Input42>I 262 PLANZ DIR 1 0 1.03398e-29
 Input42>I 263 PLANZ DIR 1 -4.54747e-15 1.03398e-29
 Input42>I 264 PLANZ DIR 1 4.54747e-15 1.03398e-29
 Input42>I 265 PLANZ DIR 1 -6.82121e-15 1.03398e-29
 Input42>I 266 PLANZ DIR 1 9.09495e-15 1.03398e-29
 Input42>I 267 PLANZ DIR 1 -9.09495e-15 1.03398e-29
 Input42>I 268 PLANZ DIR 1 1.13687e-14 1.03398e-29
 Input42>I 269 PLANZ DIR 1 0 1.03398e-29
 Input42>I 270 PLANZ DIR 1 -6.82121e-15 1.03398e-29
 Input42>I 271 PLANZ DIR 0.926263 -7.99585e-15 -0.376878
 Input42>I 272 PLANZ DIR 0.926263 0 -0.376878
 Input42>I 273 PLANZ DIR 0.926263 1.60988e-14 -0.376878
 Input42>I 274 PLANZ DIR 0.926263 -1.19938e-14 -0.376878
 Input42>I 275 PLANZ DIR 0.926263 1.21009e-14 -0.376878
 Input42>I 276 PLANZ DIR 0.926263 -1.2208e-14 -0.376878
 Input42>I 277 PLANZ DIR 0.926263 1.23151e-14 -0.376878
 Input42>I 278 PLANZ DIR 0.926263 -8.42431e-15 -0.376878
 Input42>I 279 PLANZ DIR 0.926263 -3.99793e-15 -0.376878
 Input42>I 280 PLANZ DIR 0.926263 4.10504e-15 -0.376878
 Input42>I 281 PLANZ DIR -0.704142 0 0.710059
 Input42>I 282 PLANZ DIR -0.704142 0 0.710059
 Input42>I 283 PLANZ DIR -0.704142 3.20207e-15 0.710059
 Input42>I 284 PLANZ DIR -0.704142 -3.20207e-15 0.710059
 Input42>I 285 PLANZ DIR -0.704142 6.40413e-15 0.710059
 Input42>I 286 PLANZ DIR -0.704142 -1.28083e-14 0.710059
 Input42>I 287 PLANZ DIR -0.704142 9.6062e-15 0.710059
 Input42>I 288 PLANZ DIR -0.704142 -9.6062e-15 0.710059
 Input42>I 289 PLANZ DIR -0.704142 0 0.710059
 Input42>I 290 PLANZ DIR -0.704142 6.40413e-15 0.710059
 Input42>I 291 PLANZ DIR -0.384615 4.19767e-15 0.923077
 Input42>I 292 PLANZ DIR -0.384615 0 0.923077
 Input42>I 293 PLANZ DIR -0.384615 -5.15963e-15 0.923077
 Input42>I 294 PLANZ DIR -0.384615 3.67296e-15 0.923077
 Input42>I 295 PLANZ DIR -0.384615 -5.68434e-15 0.923077
 Input42>I 296 PLANZ DIR -0.384615 4.19767e-15 0.923077
 Input42>I 297 PLANZ DIR -0.384615 -2.71099e-15 0.923077
 Input42>I 298 PLANZ DIR -0.384615 1.74903e-15 0.923077
 Input42>I 299 PLANZ DIR -0.384615 1.22432e-15 0.923077
 Input42>I 300 PLANZ DIR -0.384615 -1.48667e-15 0.923077
 Input42>I 301 PLANZ DIR 1 0 7.75482e-30
 Input42>I 302 PLANZ DIR 1 0 7.75482e-30
 Input42>I 303 PLANZ DIR 1 -9.09495e-15 7.75482e-30
 Input42>I 304 PLANZ DIR 1 1.36424e-14 7.75482e-30
 Input42>I 305 PLANZ DIR 1 -1.36424e-14 7.75482e-30
 Input42>I 306 PLANZ DIR 1 1.81899e-14 7.75482e-30
 Input42>I 307 PLANZ DIR 1 -1.81899e-14 7.75482e-30
 Input42>I 308 PLANZ DIR 1 2.27374e-14 7.75482e-30
 Input42>I 309 PLANZ DIR 1 -4.54747e-15 7.75482e-30
 Input42>I 310 PLANZ DIR 1 -9.09495e-15 7.75482e-30
 Input42>I 311 PLANZ DIR -0.307692 -0.83205 -0.461538
 Input42>I 312 PLANZ DIR -0.307692 -0.83205 -0.461538
 Input42>I 313 PLANZ DIR -0.307692 -0.83205 -0.461538
 Input42>I 314 PLANZ DIR -0.307692 -0.83205 -0.461538
 Input42>I 315 PLANZ DIR -0.307692 -0.83205 -0.461538
 Input42>I 316 PLANZ DIR -0.307692 -0.83205 -0.461538
 Input42>I 317 PLANZ DIR -0.307692 -0.83205 -0.461538
 Input42>I 318 PLANZ DIR -0.307692 -0.83205 -0.461538
 Input42>I 319 PLANZ DIR -0.307692 -0.83205 -0.461538
 Input42>I 320 PLANZ DIR -0.307692 -0.83205 -0.461538
 Input42>I 321 PLANZ DIR -0.544379 0.192012 0.816568
 Input42>I 322 PLANZ DIR -0.544379 0.192012 0.816568
 Input42>I 323 PLANZ DIR -0.544379 0.192012 0.816568
 Input42>I 324 PLANZ DIR -0.544379 0.192012 0.816568
 Input42>I 325 PLANZ DIR -0.544379 0.192012 0.816568
 Input42>I 326 PLANZ DIR -0.544379 0.192012 0.816568
 Input42>I 327 PLANZ DIR -0.544379 0.192012 0.816568
 Input42>I 328 PLANZ DIR -0.544379 0.192012 0.816568
 Input42>I 329 PLANZ DIR -0.544379 0.192012 0.816568
 Input42>I 330 PLANZ DIR -0.544379 0.192012 0.816568
 Input42>I 331 PLANZ DIR -0.307692 -0.83205 0.461538
 Input42>I 332 PLANZ DIR -0.307692 -0.83205 0.461538
 Input42>I 333 PLANZ DIR -0.307692 -0.83205 0.461538
 Input42>I 334 PLANZ DIR -0.307692 -0.83205 0.461538
 Input42>I 335 PLANZ DIR -0.307692 -0.83205 0.461538
 Input42>I 336 PLANZ DIR -0.307692 -0.83205 0.461538
 Input42>I 337 PLANZ DIR -0.307692 -0.83205 0.461538
 Input42>I 338 PLANZ DIR -0.307692 -0.83205 0.461538
 Input42>I 339 PLANZ DIR -0.307692 -0.83205 0.461538
 Input42>I 340 PLANZ DIR -0.307692 -0.83205 0.461538
 Input42>I 341 PLANZ DIR 0.307692 -0.83205 0.461538
 Input42>I 342 PLANZ DIR 0.307692 -0.83205 0.461538
 Input42>I 343 PLANZ DIR 0.307692 -0.83205 0.461538
 Input42>I 344 PLANZ DIR 0.307692 -0.83205 0.461538
 Input42>I 345 PLANZ DIR 0.307692 -0.83205 0.461538
 Input42>I 346 PLANZ DIR 0.307692 -0.83205 0.461538
 Input42>I 347 PLANZ DIR 0.307692 -0.83205 0.461538
 Input42>I 348 PLANZ DIR 0.307692 -0.83205 0.461538
 Input42>I 349 PLANZ DIR 0.307692 -0.83205 0.461538
 Input42>I 350 PLANZ DIR 0.307692 -0.83205 0.461538
 Input42>I 351 PLANZ DIR 0.111061 0.979752 0.166591
 Input42>I 352 PLANZ DIR 0.111061 0.979752 0.166591
 Input42>I 353 PLANZ DIR 0.111061 0.979752 0.166591
 Input42>I 354 PLANZ DIR 0.111061 0.979752 0.166591
 Input42>I 355 PLANZ DIR 0.111061 0.979752 0.166591
 Input42>I 356 PLANZ DIR 0.111061 0.979752 0.166591
 Input42>I 357 PLANZ DIR 0.111061 0.979752 0.166591
 Input42>I 358 PLANZ DIR 0.111061 0.979752 0.166591
 Input42>I 359 PLANZ DIR 0.111061 0.979752 0.166591
 Input42>I 360 PLANZ DIR 0.111061 0.979752 0.166591
 Input42>I 361 PLANZ DIR -0.307692 -0.83205 0.461538
 Input42>I 362 PLANZ DIR -0.307692 -0.83205 0.461538
 Input42>I 363 PLANZ DIR -0.307692 -0.83205 0.461538
 Input42>I 364 PLANZ DIR -0.307692 -0.83205 0.461538
 Input42>I 365 PLANZ DIR -0.307692 -0.83205 0.461538
 Input42>I 366 PLANZ DIR -0.307692 -0.83205 0.461538
 Input42>I 367 PLANZ DIR -0.307692 -0.83205 0.461538
 Input42>I 368 PLANZ DIR -0.307692 -0.83205 0.461538
 Input42>I 369 PLANZ DIR -0.307692 -0.83205 0.461538
 Input42>I 370 PLANZ DIR -0.307692 -0.83205 0.461538
 Input42>I 371 PLANZ DIR -0.307692 0.83205 0.461538
 Input42>I 372 PLANZ DIR -0.307692 0.83205 0.461538
 Input42>I 373 PLANZ DIR -0.307692 0.83205 0.461538
 Input42>I 374 PLANZ DIR -0.307692 0.83205 0.461538
 Input42>I 375 PLANZ DIR -0.307692 0.83205 0.461538
 Input42>I 376 PLANZ DIR -0.307692 0.83205 0.461538
 Input42>I 377 PLANZ DIR -0.307692 0.83205 0.461538
 Input42>I 378 PLANZ DIR -0.307692 0.83205 0.461538
 Input42>I 379 PLANZ DIR -0.307692 0.83205 0.461538
 Input42>I 380 PLANZ DIR -0.307692 0.83205 0.461538
 Input42>I 381 PLANZ DIR -0.307692 -0.83205 -0.461538
 Input42>I 382 PLANZ DIR -0.307692 -0.83205 -0.461538
 Input42>I 383 PLANZ DIR -0.307692 -0.83205 -0.461538
 Input42>I 384 PLANZ DIR -0.307692 -0.83205 -0.461538
 Input42>I 385 PLANZ DIR -0.307692 -0.83205 -0.461538
 Input42>I 386 PLANZ DIR -0.307692 -0.83205 -0.461538
 Input42>I 387 PLANZ DIR -0.307692 -0.83205 -0.461538
 Input42>I 388 PLANZ DIR -0.307692 -0.83205 -0.461538
 Input42>I 389 PLANZ DIR -0.307692 -0.83205 -0.461538
 Input42>I 390 PLANZ DIR -0.307692 -0.83205 -0.461538
 Input42>I 391 PLANZ DIR -0.307692 -0.83205 -0.461538
 Input42>I 392 PLANZ DIR -0.307692 -0.83205 -0.461538
 Input42>I 393 PLANZ DIR -0.307692 -0.83205 -0.461538
 Input42>I 394 PLANZ DIR -0.307692 -0.83205 -0.461538
 Input42>I 395 PLANZ DIR -0.307692 -0.83205 -0.461538
 Input42>I 396 PLANZ DIR -0.307692 -0.83205 -0.461538
 Input42>I 397 PLANZ DIR -0.307692 -0.83205 -0.461538
 Input42>I 398 PLANZ DIR -0.307692 -0.83205 -0.461538
 Input42>I 399 PLANZ DIR -0.307692 -0.83205 -0.461538
 Input42>I 400 PLANZ DIR -0.307692 -0.83205 -0.461538
 Input42>I 401 PLANZ DIR -0.307692 -0.83205 0.461538
 Input42>I 402 PLANZ DIR -0.307692 -0.83205 0.461538
 Input42>I 403 PLANZ DIR -0.307692 -0.83205 0.461538
 Input42>I 404 PLANZ DIR -0.307692 -0.83205 0.461538
 Input42>I 405 PLANZ DIR -0.307692 -0.83205 0.461538
 Input42>I 406 PLANZ DIR -0.307692 -0.83205 0.461538
 Input42>I 407 PLANZ DIR -0.307692 -0.83205 0.461538
 Input42>I 408 PLANZ DIR -0.307692 -0.83205 0.461538
 Input42>I 409 PLANZ DIR -0.307692 -0.83205 0.461538
 Input42>I 410 PLANZ DIR -0.307692 -0.83205 0.461538
 Input42>I 411 PLANZ DIR -0.307692 -0.83205 0.461538
 Input42>I 412 PLANZ DIR -0.307692 -0.83205 0.461538
 Input42>I 413 PLANZ DIR -0.307692 -0.83205 0.461538
 Input42>I 414 PLANZ DIR -0.307692 -0.83205 0.461538
 Input42>I 415 PLANZ DIR -0.307692 -0.83205 0.461538
 Input42>I 416 PLANZ DIR -0.307692 -0.83205 0.461538
 Input42>I 417 PLANZ DIR -0.307692 -0.83205 0.461538
 Input42>I 418 PLANZ DIR -0.307692 -0.83205 0.461538
 Input42>I 419 PLANZ DIR -0.307692 -0.83205 0.461538
 Input42>I 420 PLANZ DIR -0.307692 -0.83205 0.461538
 Input42>I 421 PLANZ DIR -0.307692 0.83205 -0.461538
 Input42>I 422 PLANZ DIR -0.307692 0.83205 -0.461538
 Input42>I 423 PLANZ DIR -0.307692 0.83205 -0.461538
 Input42>I 424 PLANZ DIR -0.307692 0.83205 -0.461538
 Input42>I 425 PLANZ DIR -0.307692 0.83205 -0.461538
 Input42>I 426 PLANZ DIR -0.307692 0.83205 -0.461538
 Input42>I 427 PLANZ DIR -0.307692 0.83205 -0.461538
 Input42>I 428 PLANZ DIR -0.307692 0.83205 -0.461538
 Input42>I 429 PLANZ DIR -0.307692 0.83205 -0.461538
 Input42>I 430 PLANZ DIR -0.307692 0.83205 -0.461538
 Input42>I 431 PLANZ DIR 0.544379 0.192012 0.816568
 Input42>I 432 PLANZ DIR 0.544379 0.192012 0.816568
 Input42>I 433 PLANZ DIR 0.544379 0.192012 0.816568
 Input42>I 434 PLANZ DIR 0.544379 0.192012 0.816568
 Input42>I 435 PLANZ DIR 0.544379 0.192012 0.816568
 Input42>I 436 PLANZ DIR 0.544379 0.192012 0.816568
 Input42>I 437 PLANZ DIR 0.544379 0.192012 0.816568
 Input42>I 438 PLANZ DIR 0.544379 0.192012 0.816568
 Input42>I 439 PLANZ DIR 0.544379 0.192012 0.816568
 Input42>I 440 PLANZ DIR 0.544379 0.192012 0.816568
 Input42>I 441 PLANZ DIR -0.307692 -0.83205 0.461538
 Input42>I 442 PLANZ DIR -0.307692 -0.83205 0.461538
 Input42>I 443 PLANZ DIR -0.307692 -0.83205 0.461538
 Input42>I 444 PLANZ DIR -0.307692 -0.83205 0.461538
 Input42>I 445 PLANZ DIR -0.307692 -0.83205 0.461538
 Input42>I 446 PLANZ DIR -0.307692 -0.83205 0.461538
 Input42>I 447 PLANZ DIR -0.307692 -0.83205 0.461538
 Input42>I 448 PLANZ DIR -0.307692 -0.83205 0.461538
 Input42>I 449 PLANZ DIR -0.307692 -0.83205 0.461538
 Input42>I 450 PLANZ DIR -0.307692 -0.83205 0.461538
 Input42>I 451 PLANZ DIR -0.111061 0.979752 0.166591
 Input42>I 452 PLANZ DIR -0.111061 0.979752 0.166591
 Input42>I 453 PLANZ DIR -0.111061 0.979752 0.166591
 Input42>I 454 PLANZ DIR -0.111061 0.979752 0.166591
 Input42>I 455 PLANZ DIR -0.111061 0.979752 0.166591
 Input42>I 456 PLANZ DIR -0.111061 0.979752 0.166591
 Input42>I 457 PLANZ DIR -0.111061 0.979752 0.166591
 Input42>I 458 PLANZ DIR -0.111061 0.979752 0.166591
 Input42>I 459 PLANZ DIR -0.111061 0.979752 0.166591
 Input42>I 460 PLANZ DIR -0.111061 0.979752 0.166591
 Input42>I 461 PLANZ DIR -0.307692 0.83205 -0.461538
 Input42>I 462 PLANZ DIR -0.307692 0.83205 -0.461538
 Input42>I 463 PLANZ DIR -0.307692 0.83205 -0.461538
 Input42>I 464 PLANZ DIR -0.307692 0.83205 -0.461538
 Input42>I 465 PLANZ DIR -0.307692 0.83205 -0.461538
 Input42>I 466 PLANZ DIR -0.307692 0.83205 -0.461538
 Input42>I 467 PLANZ DIR -0.307692 0.83205 -0.461538
 Input42>I 468 PLANZ DIR -0.307692 0.83205 -0.461538
 Input42>I 469 PLANZ DIR -0.307692 0.83205 -0.461538
 Input42>I 470 PLANZ DIR -0.307692 0.83205 -0.461538
 Input42> 
 Input42>! Simcenter Samcef Bank File: HYPOTHESES
 Input42>! --------------------------------------
 Input42>.HYP MINDLIN GROUP "@SC@1d_mesh(1)_0"
 Input42>.HYP MINDLIN GROUP "@SC@1d_mesh(2)_1"
 Input42>! Simcenter Samcef Bank File: Beam Profiles
 Input42>! -----------------------------------------
 Input42>.BPR
 Input42>NOM "RED" UNIT 0.001  TYPE "CIRCLE0" R1 60 R2 55
 Input42>NOM "BLUE" UNIT 0.001  TYPE "CIRCLE0" R1 35 R2 32
 Input42>! Simcenter Samcef Bank File: Concentrated Masses
 Input42>! -----------------------------------------------
 Input42>.MASS
 Input42>! 0d_mesh(1)
 Input42>I 471 N 51 ATT 3 MASS 62.5
 Input42>I 472 N 211 ATT 3 MASS 62.5
 Input42>I 473 N 191 ATT 3 MASS 62.5
 Input42>I 474 N 41 ATT 3 MASS 62.5
 Input42>I 475 N 171 ATT 3 MASS 62.5
 Input42>I 476 N 31 ATT 3 MASS 62.5
 Input42>I 477 N 151 ATT 3 MASS 62.5
 Input42>I 478 N 21 ATT 3 MASS 62.5
 Input42>! Simcenter Samcef Bank File: CONSTRAINTS.
 Input42>! ----------------------------------------
 Input42>.CLM ADD
 Input42>!
 Input42>! Fixed(1)
 Input42> GROUP "@SC@Fixed(1)" FIX
 Input42> 
 Input42>! Simcenter Samcef Bank File: Elements Attributes
 Input42>! -----------------------------------------------
 Input42>.AEL
 Input42>GROUP "@SC@1d_mesh(1)_0" PROFILE "RED"
 Input42>GROUP "@SC@1d_mesh(2)_1" PROFILE "BLUE"
 Input42> I 1 J 220 K 1 MAT 1
 Input42> I 221 J 470 K 1 MAT 1
 Input42>! Simcenter Samcef Bank File: Solution Parameters : .ALGO.
 Input42>! --------------------------------------------------------
 Input42>.ALGO
 Input42>    LANCNVA 6
 Input42>    DBPOST 1 ! Generation of Light SDB
 Input42>    FREQ 0
 Input42> 
 Input42>! Simcenter Samcef Bank File: .SAI
 Input42>! --------------------------------
 Input42>.SAI
 Input42> ARCHIVE STRUCTURE STYPE -221 !Suppress obsolete code
 Input42>! Element Output Requests
 Input42> ARCHIVE STRUCTURE STYP 1437 3437 1438 3438 ! Normal Forces Moments (Simcenter Samcef default)
 Input42> ARCHIVE STRUCTURE STYP 1524 3524 1525 3525 1251 3251 ! Shear Forces Moments (Simcenter Samcef default)
 Input42> ARCHIVE STRUCTURE STYP -1440 -3440  ! Normal Stress Beams Rods (Simcenter Samcef default fully disabled)
 Input42> ARCHIVE STRUCTURE STYP -1450 -3450  ! Shear Stress Beams (Simcenter Samcef default fully disabled)
 Input42> ARCHIVE STRUCTURE STYP -1411 -3411 -1436 -3436 -1435 -3435 -1431 -3431  ! Linear Stress Tensor (Simcenter Samcef default fully disabled)
 Input42> ARCHIVE STRUCTURE STYP -1421 -3421 -1446 -3446 -1445 -3445 -1528 -3528  ! Total Strain Tensor (Simcenter Samcef default fully disabled)
 Input42> ARCHIVE STRUCTURE STYP 334 ! Strain Energy
 Input42> ARCHIVE STRUCTURE STYP 335 ! Kinetic Energy
 Input42>! Nodal Output Requests
 Input42> 
 Input42>! Summary of the model
 Input42>! --------------------
 Input42>! Number of nodes: 453
 Input42>! Minimum node id: 1
 Input42>! Maximum node id: 453
 Input42>! Number of elements: 470
 Input42>! Minimum element id: 1
 Input42>! Maximum element id: 470
 Input42> 
 Input42>!User Epilog
 Input42>!-------------
 Input42>! Declaration of abbreviations for the Epilog:
 Input42>! ==========================================
 Input42>! Greater Node Number:     NUMBERMAXNODE
 Input42>#INQ (/NUMBERMAXNODE,NOD,,MAX)
 Input42>! Greater Element Number:  NUMBERMAXELEMENT
 Input42>#INQ (/NUMBERMAXELEMENT,ELE,,MAX)
 Input42>! Greater Function Number: NUMBERMAXFUNCTION
 Input42>#INQ (/NUMBERMAXFUNCTION,FUN,,MAX)
 Input42>! Greater Material Number: NUMBERMAXMATERIAL
 Input42>#INQ (/NUMBERMAXMATERIAL,MAT,,MAX)
 Input42> 
 Input42> 
 Input42>! No Warning Messages
 Input42>! No Error Messages
 Input42>! No Critical Messages
 Input42> 
 Input42>RETURN

 Samcef File (Binary) :  3 - "C:\Users\lstei\OneDrive - Universite de Liege\Documents\A_COURS\Vibrations\Vibrations---MECA0029\NX\trussv3_sim10-Solution_1.sam"


      SAMCEF FILE CREATION
      ********************
    NR  DATA TYPE            OBJECT NAME   RECORDS
 =================================================
     1  TITLE       
     2  NODES-.NOE            (.NOE)        923
     3  ELEMENT-.MAI          (.MAI)        478
     4  HYPOTHESIS            (.HYP)        478
     5  FIXATIONS             (.CLM)          4

      DB FILE CREATION
      ****************

 Saving the auxiliary memory in the DB ...
 Saving the rotation matrix in the DB ...
 Saving the ABREviations in the DB ...
 Saving the release flag in the DB ...
 Writing the DB on a binary file ...
 DB File     : "C:\Users\lstei\OneDrive - Universite de Liege\Documents\A_COURS\Vibrations\Vibrations---MECA0029\NX\trussv3_sim10-Solution_1.sdb"

@@@CSH:SMGFIN: I_RUNSUCCESS
 -------------------------------------------------------------------------------
 File size statistics
 File name                                                            Size
 -------------------------------------------------------------------------------
 C:\PROGRA~1\Siemens\NX2406\SIMULA~1\samcef\Exec\pilote.dat         216850 Bytes
 C... Vibrations---MECA0029\NX\trussv3_sim10-Solution_1_ba.w02         485 Bytes
 C... ns\Vibrations---MECA0029\NX\trussv3_sim10-Solution_1.sam      218736 Bytes
 C... ns\Vibrations---MECA0029\NX\trussv3_sim10-Solution_1.spy        1306 Bytes
 C... ns\Vibrations---MECA0029\NX\trussv3_sim10-Solution_1.dat       48983 Bytes
 C... ns\Vibrations---MECA0029\NX\trussv3_sim10-Solution_1.sdb    19301304 Bytes
 C:\PROGRA~1\Siemens\NX2406\SIMULA~1\samcef\Exec\dic.dic            536915 Bytes
 C:\PROGRA~1\Siemens\NX2406\SIMULA~1\samcef\Exec\samcef.proc         90626 Bytes
 -------------------------------------------------------------------------------
Simcenter Samcef: Module bacon completed
Simcenter Samcef: Running module dynam
@@@CSH:SMGINI: DYNAM
@@@CSH:SMGINT: PID =    38404 : Current Process ID
@@@CSH:SMGBEG:  1 /  6 : Data Analysis
@@@CSH:SMGEVO:     1 /     4 : Front Width Optimization
@@@CSH:SMGEVO:     2 /     4 : Dof Numbering
@@@CSH:SMGEVO:     3 /     4 : Substructuring
@@@CSH:SMGEVO:     4 /     4 : Resource Estimation
@@@CSH:SMGINT: NBRDDL =     2646 : Number of dof's
@@@CSH:SMGINF: Disk space report for device "C:\"
@@@CSH:SMGREA: DISKFREE =   122878.109 : Free disk space (Mb).
@@@CSH:SMGREA: DISKREQUIRED =       23.000 : Required disk space (Mb).
@@@CSH:SMGEND: -1 /  6 : Data Analysis
@@@CSH:SMGBEG:  2 /  6 : Element Generation
@@@CSH:SMGEVO:     1 /   478 : Elements generated@@@CSH:SMGEVO:   478 /   478 : Elements generated
@@@CSH:SMGREA: TOTLENGTH%LENGTH = 1.2605551275464E5 : Total length.
@@@CSH:SMGREA: TOTVOLUME%VOLUME = 1.5151936057017E8 : Total volume.
@@@CSH:SMGREA: TOTMASS%MASS = 1.6862450739038E3 : Total mass.
@@@CSH:SMGEND: -2 /  6 : Element Generation
@@@CSH:SMGBEG:  5 /  6 : Lanczos for sparse matrix.
@@@CSH:SMGEVO:     0 /   100 : Factorization %@@@CSH:SMGEVO:   100 /   100 : Factorization %@@@CSH:SMGEVO:   100 /   100 : Factorization %
@@@CSH:SMGEND: -5 /  6 : Lanczos for sparse matrix.
@@@CSH:SMGBEG:  7 /  6 : Modal Mass Computation
@@@CSH:SMGREA: FREQUENCY%FREQUENCY =  2.54777524E+00 : Frequency Nbr. 1
@@@CSH:SMGREA: FREQUENCY%FREQUENCY =  6.76916121E+00 : Frequency Nbr. 2
@@@CSH:SMGREA: FREQUENCY%FREQUENCY =  1.07274686E+01 : Frequency Nbr. 3
@@@CSH:SMGREA: FREQUENCY%FREQUENCY =  1.27563313E+01 : Frequency Nbr. 4
@@@CSH:SMGREA: FREQUENCY%FREQUENCY =  1.37368081E+01 : Frequency Nbr. 5
@@@CSH:SMGREA: FREQUENCY%FREQUENCY =  1.46937305E+01 : Frequency Nbr. 6
@@@CSH:SMGEND: -7 /  6 : Modal Mass Computation
@@@CSH:SMGINT: NBRWRN =        0 : Number of warning(s)
@@@CSH:SMGINT: NBRERR =        0 : Number of error(s)
@@@CSH:SMGFIN: I_RUNSUCCESS
Simcenter Samcef: Module dynam completed
 User requested workspace             250000000 words  (    2000 MBytes)
@@@CSH:SMGINI: FAC
@@@CSH:SMGINT: PID =    46060 : Current Process ID
 Release 2406 - Build 2406.3011.146 - Date 06-Apr-2024 (LONG INTEGERS)

 ===============================================================================
 Status of the DB            : "trussv3_sim10-Solution_1"
 ================
 DB created by BACON for lstei (SEP 25 2025 13:09:36)
 modified   by BACON for lstei (SEP 25 2025 13:09:36)
 modified   by DYNAM for lstei (SEP 25 2025 13:09:38)
 modified   by FAC for lstei (SEP 25 2025 13:09:41)
 Release                     :   30.1- 1
 DB file name                : "C:\Users\lstei\OneDrive - Universite de Liege\Documents\A_COURS\Vibrations\Vibrations---MECA0029\NX\trussv3_sim10-Solution_1.sdb"
 DB size                     :        2837999 (Max=       649043999)
 Memory allocated            :        2838300
 Size of the garbage         :           1044 (  0.04% of the DB size)
 Relational level            :              0
 Object counter              :           1430
 Pagination flag             :        on (not yet triggered)
 Swap count                  :              6 page I/O on disk
 Used pages in memory        :             42 on              42
 Used records in swap file   :              0 on            9833
 Page alignment garbage      :            301 (  0.01% of the DB size)
 Archive length :            :              0
 Archive garbage :           :              0
 Archive loading endian swap :              0
 ===============================================================================
 -----------------------------------------------------------------------
    MEMORY ALLOCATION / DB               247151697 /       2838302 WORDS
 -----------------------------------------------------------------------

     # # # # # # # # # # #   Functions software initialisation   # # # # # #
     #   Number of fonctions                                    3          #
     #   Work spaces                       (double words)      15     229  #
     #   Number of buffers, Allocated space                     8    3680  #
     #   Numerical tests activated                                         #
     # # # # # # # # # # # # # # # # # # # # # # # # # # # # # # # # # # # # 
 +===============================================================+======+======+
 !  Processed Data                                               ! Code ! Type !
 +===============================================================+======+======+
 ! "Creation date of the display file  [SEP 25 2025 13:09:41]"   !   24 ! CHAR !
 !---------------------------------------------------------------!------!------!
 ! "Module name  [DYNAM]"                                        !   23 ! CHAR !
 !---------------------------------------------------------------!------!------!
 ! "Number of errors  [0]"                                       !   59 ! INTG !
 !---------------------------------------------------------------!------!------!
 ! "Number of warnings  [0]"                                     !   60 ! INTG !
 !---------------------------------------------------------------!------!------!
 ! "CPU Time (Sec.)  [1]"                                        ! 1006 ! INTG !
 !---------------------------------------------------------------!------!------!
 ! "Elapsed Time (Sec.)  [1]"                                    ! 1007 ! INTG !
 !---------------------------------------------------------------!------!------!
 ! "Elements  [478]"                                             !    2 ! INTG !
 !---------------------------------------------------------------!------!------!
 ! "Nodes  [915]"                                                !    1 ! INTG !
 !---------------------------------------------------------------!------!------!
 ! "Nodal coordinates (X,Y,Z)"                                   !  153 ! REAL !
 !---------------------------------------------------------------!------!------!
 ! "Nodal displacements (DX,DY,DZ)"                              !  163 ! REAL !
 !---------------------------------------------------------------!------!------!
 ! "Nodal rotation (RX,RY,RZ)"                                   !  191 ! REAL !
 !---------------------------------------------------------------!------!------!
 ! "Nodal displacements (DX,DY,DZ)"                              !  163 ! REAL !
 !---------------------------------------------------------------!------!------!
 ! "Nodal rotation (RX,RY,RZ)"                                   !  191 ! REAL !
 !---------------------------------------------------------------!------!------!
 ! "Nodal displacements (DX,DY,DZ)"                              !  163 ! REAL !
 !---------------------------------------------------------------!------!------!
 ! "Nodal rotation (RX,RY,RZ)"                                   !  191 ! REAL !
 !---------------------------------------------------------------!------!------!
 ! "Nodal displacements (DX,DY,DZ)"                              !  163 ! REAL !
 !---------------------------------------------------------------!------!------!
 ! "Nodal rotation (RX,RY,RZ)"                                   !  191 ! REAL !
 !---------------------------------------------------------------!------!------!
 ! "Nodal displacements (DX,DY,DZ)"                              !  163 ! REAL !
 !---------------------------------------------------------------!------!------!
 ! "Nodal rotation (RX,RY,RZ)"                                   !  191 ! REAL !
 !---------------------------------------------------------------!------!------!
 ! "Nodal displacements (DX,DY,DZ)"                              !  163 ! REAL !
 !---------------------------------------------------------------!------!------!
 ! "Nodal rotation (RX,RY,RZ)"                                   !  191 ! REAL !
 !---------------------------------------------------------------!------!------!
 !  "Subset Nr          1"                                       !      !      !
 !---------------------------------------------------------------!------!------!
 ! "Strain energy density"                                       !  334 !      !
 !---------------------------------------------------------------!------!------!
 ! "Kinetic energy density"                                      !  335 !      !
 !---------------------------------------------------------------!------!------!
 !  "Subset Nr          2"                                       !      !      !
 !---------------------------------------------------------------!------!------!
 ! "Strain energy percentage"                                    ! 3234 !      !
 !---------------------------------------------------------------!------!------!
 ! "Percentage of kinetic energy"                                ! 3235 !      !
 !---------------------------------------------------------------!------!------!
 !  "Subset Nr          3"                                       !      !      !
 !---------------------------------------------------------------!------!------!
 ! "Strain energy density"                                       !  334 !      !
 !---------------------------------------------------------------!------!------!
 ! "Kinetic energy density"                                      !  335 !      !
 !---------------------------------------------------------------!------!------!
 !  "Subset Nr          4"                                       !      !      !
 !---------------------------------------------------------------!------!------!
 ! "Strain energy percentage"                                    ! 3234 !      !
 !---------------------------------------------------------------!------!------!
 ! "Percentage of kinetic energy"                                ! 3235 !      !
 !---------------------------------------------------------------!------!------!
 !  "Subset Nr          5"                                       !      !      !
 !---------------------------------------------------------------!------!------!
 ! "Strain energy density"                                       !  334 !      !
 !---------------------------------------------------------------!------!------!
 ! "Kinetic energy density"                                      !  335 !      !
 !---------------------------------------------------------------!------!------!
 !  "Subset Nr          6"                                       !      !      !
 !---------------------------------------------------------------!------!------!
 ! "Strain energy percentage"                                    ! 3234 !      !
 !---------------------------------------------------------------!------!------!
 ! "Percentage of kinetic energy"                                ! 3235 !      !
 !---------------------------------------------------------------!------!------!
 !  "Subset Nr          7"                                       !      !      !
 !---------------------------------------------------------------!------!------!
 ! "Strain energy density"                                       !  334 !      !
 !---------------------------------------------------------------!------!------!
 ! "Kinetic energy density"                                      !  335 !      !
 !---------------------------------------------------------------!------!------!
 !  "Subset Nr          8"                                       !      !      !
 !---------------------------------------------------------------!------!------!
 ! "Strain energy percentage"                                    ! 3234 !      !
 !---------------------------------------------------------------!------!------!
 ! "Percentage of kinetic energy"                                ! 3235 !      !
 !---------------------------------------------------------------!------!------!
 !  "Subset Nr          9"                                       !      !      !
 !---------------------------------------------------------------!------!------!
 ! "Strain energy density"                                       !  334 !      !
 !---------------------------------------------------------------!------!------!
 ! "Kinetic energy density"                                      !  335 !      !
 !---------------------------------------------------------------!------!------!
 !  "Subset Nr         10"                                       !      !      !
 !---------------------------------------------------------------!------!------!
 ! "Strain energy percentage"                                    ! 3234 !      !
 !---------------------------------------------------------------!------!------!
 ! "Percentage of kinetic energy"                                ! 3235 !      !
 !---------------------------------------------------------------!------!------!
 !  "Subset Nr         11"                                       !      !      !
 !---------------------------------------------------------------!------!------!
 ! "Strain energy density"                                       !  334 !      !
 !---------------------------------------------------------------!------!------!
 ! "Kinetic energy density"                                      !  335 !      !
 !---------------------------------------------------------------!------!------!
 !  "Subset Nr         12"                                       !      !      !
 !---------------------------------------------------------------!------!------!
 ! "Strain energy percentage"                                    ! 3234 !      !
 !---------------------------------------------------------------!------!------!
 ! "Percentage of kinetic energy"                                ! 3235 !      !
 !---------------------------------------------------------------!------!------!
 ! "Status of the FAC program"                                   !   62 !      !
 !---------------------------------------------------------------!------!------!
 ! "FAC Pointers"                                                ! 1073 ! INTG !
 !---------------------------------------------------------------!------!------!
 !...Processing [.ALGO DBPOST 1] DB "trussv3_sim10-Solution_1"                 !
 !   > Keep   "trussv3_sim10-Solution_1.sdb"                                   !
 !   > Create "trussv3_sim10-Solution_1_dy.sdb"                                !
 !...Cleaning DB "trussv3_sim10-Solution_1_dy"                                 !
 !   >                         DB Size :    2837999 R8     22 Mb               !
 !   >                         Deleted :        948 Objects                    !
 !   >                     New DB Size :     395999 R8      3 Mb 14.0%         !
 !...Saving DB file "trussv3_sim10-Solution_1_dy.sdb"                          !
 !...Closing DB "trussv3_sim10-Solution_1"                                     !
@@@CSH:SMGFIN: I_RUNSUCCESS
 -------------------------------------------------------------------------------
 File size statistics
 File name                                                            Size
 -------------------------------------------------------------------------------
 trussv3_sim10-Solution_1_dy.u18                                   1622760 Bytes
 trussv3_sim10-Solution_1_dy.des                                     10830 Bytes
 trussv3_sim10-Solution_1_dy.fac                                    199324 Bytes
 C:\PROGRA~1\Siemens\NX2406\SIMULA~1\samcef\Exec\dic.dic            536915 Bytes
 S000040988\trussv3_sim10-Solution_1_fa.w07                         204912 Bytes
 S000040988\trussv3_sim10-Solution_1_fa.w10                         492048 Bytes
 C... Vibrations---MECA0029\NX\trussv3_sim10-Solution_1_dy.sdb     2932312 Bytes
 C... ns\Vibrations---MECA0029\NX\trussv3_sim10-Solution_1.sdb    22469496 Bytes
 C:\PROGRA~1\Siemens\NX2406\SIMULA~1\samcef\Exec\samcef.proc         90626 Bytes
 -------------------------------------------------------------------------------
